<?xml version="1.0" encoding="UTF-8"?>
<coverage generated="1749281541083" clover="3.2.0">
  <project timestamp="1749281541083" name="All files">
    <metrics statements="729" coveredstatements="729" conditionals="145" coveredconditionals="145" methods="164" coveredmethods="164" elements="1038" coveredelements="1038" complexity="0" loc="729" ncloc="729" packages="6" files="24" classes="24"/>
    <package name="src">
      <metrics statements="51" coveredstatements="51" conditionals="9" coveredconditionals="9" methods="9" coveredmethods="9"/>
      <file name="app.ts" path="C:\Users\matdo\Desktop\CODICI\ProgrammingProjects\SoftwareEngineering\FIXING_TEST_PART\geocontrol\src\app.ts">
        <metrics statements="25" coveredstatements="25" conditionals="0" coveredconditionals="0" methods="0" coveredmethods="0"/>
        <line num="1" count="16" type="stmt"/>
        <line num="2" count="16" type="stmt"/>
        <line num="3" count="16" type="stmt"/>
        <line num="4" count="16" type="stmt"/>
        <line num="5" count="16" type="stmt"/>
        <line num="6" count="16" type="stmt"/>
        <line num="7" count="16" type="stmt"/>
        <line num="8" count="16" type="stmt"/>
        <line num="9" count="16" type="stmt"/>
        <line num="10" count="16" type="stmt"/>
        <line num="11" count="16" type="stmt"/>
        <line num="12" count="16" type="stmt"/>
        <line num="13" count="16" type="stmt"/>
        <line num="15" count="16" type="stmt"/>
        <line num="17" count="16" type="stmt"/>
        <line num="18" count="16" type="stmt"/>
        <line num="20" count="16" type="stmt"/>
        <line num="27" count="16" type="stmt"/>
        <line num="35" count="16" type="stmt"/>
        <line num="36" count="16" type="stmt"/>
        <line num="37" count="16" type="stmt"/>
        <line num="38" count="16" type="stmt"/>
        <line num="39" count="16" type="stmt"/>
        <line num="40" count="16" type="stmt"/>
        <line num="43" count="16" type="stmt"/>
      </file>
      <file name="utils.ts" path="C:\Users\matdo\Desktop\CODICI\ProgrammingProjects\SoftwareEngineering\FIXING_TEST_PART\geocontrol\src\utils.ts">
        <metrics statements="26" coveredstatements="26" conditionals="9" coveredconditionals="9" methods="9" coveredmethods="9"/>
        <line num="1" count="45" type="stmt"/>
        <line num="2" count="45" type="stmt"/>
        <line num="3" count="45" type="stmt"/>
        <line num="5" count="45" type="stmt"/>
        <line num="10" count="1661" type="stmt"/>
        <line num="11" count="1661" type="cond" truecount="1" falsecount="0"/>
        <line num="12" count="96" type="stmt"/>
        <line num="14" count="1565" type="stmt"/>
        <line num="17" count="45" type="stmt"/>
        <line num="22" count="985" type="cond" truecount="1" falsecount="0"/>
        <line num="23" count="27" type="stmt"/>
        <line num="27" count="45" type="stmt"/>
        <line num="28" count="205" type="cond" truecount="1" falsecount="0"/>
        <line num="30" count="18" type="stmt"/>
        <line num="31" count="18" type="cond" truecount="2" falsecount="0"/>
        <line num="34" count="45" type="stmt"/>
        <line num="35" count="55" type="cond" truecount="1" falsecount="0"/>
        <line num="36" count="3" type="stmt"/>
        <line num="37" count="9" type="cond" truecount="2" falsecount="0"/>
        <line num="40" count="9" type="stmt"/>
        <line num="41" count="9" type="stmt"/>
        <line num="44" count="52" type="cond" truecount="1" falsecount="0"/>
        <line num="45" count="2" type="stmt"/>
        <line num="47" count="3" type="stmt"/>
        <line num="48" count="3" type="stmt"/>
        <line num="51" count="50" type="stmt"/>
      </file>
    </package>
    <package name="src.controllers">
      <metrics statements="194" coveredstatements="194" conditionals="20" coveredconditionals="20" methods="54" coveredmethods="54"/>
      <file name="authController.ts" path="C:\Users\matdo\Desktop\CODICI\ProgrammingProjects\SoftwareEngineering\FIXING_TEST_PART\geocontrol\src\controllers\authController.ts">
        <metrics statements="13" coveredstatements="13" conditionals="2" coveredconditionals="2" methods="1" coveredmethods="1"/>
        <line num="2" count="17" type="stmt"/>
        <line num="4" count="17" type="stmt"/>
        <line num="5" count="17" type="stmt"/>
        <line num="6" count="17" type="stmt"/>
        <line num="7" count="17" type="stmt"/>
        <line num="9" count="17" type="stmt"/>
        <line num="10" count="3" type="stmt"/>
        <line num="11" count="3" type="stmt"/>
        <line num="12" count="3" type="cond" truecount="1" falsecount="0"/>
        <line num="13" count="1" type="stmt"/>
        <line num="15" count="2" type="cond" truecount="1" falsecount="0"/>
        <line num="16" count="1" type="stmt"/>
        <line num="18" count="1" type="stmt"/>
      </file>
      <file name="gatewayController.ts" path="C:\Users\matdo\Desktop\CODICI\ProgrammingProjects\SoftwareEngineering\FIXING_TEST_PART\geocontrol\src\controllers\gatewayController.ts">
        <metrics statements="20" coveredstatements="20" conditionals="0" coveredconditionals="0" methods="5" coveredmethods="5"/>
        <line num="2" count="17" type="stmt"/>
        <line num="3" count="17" type="stmt"/>
        <line num="4" count="17" type="stmt"/>
        <line num="9" count="17" type="stmt"/>
        <line num="12" count="10" type="stmt"/>
        <line num="13" count="10" type="stmt"/>
        <line num="18" count="17" type="stmt"/>
        <line num="22" count="15" type="stmt"/>
        <line num="23" count="15" type="stmt"/>
        <line num="28" count="17" type="stmt"/>
        <line num="32" count="148" type="stmt"/>
        <line num="33" count="148" type="stmt"/>
        <line num="34" count="148" type="stmt"/>
        <line num="36" count="146" type="stmt"/>
        <line num="44" count="17" type="stmt"/>
        <line num="49" count="12" type="stmt"/>
        <line num="50" count="12" type="stmt"/>
        <line num="57" count="17" type="stmt"/>
        <line num="61" count="22" type="stmt"/>
        <line num="62" count="22" type="stmt"/>
      </file>
      <file name="measurementsController.ts" path="C:\Users\matdo\Desktop\CODICI\ProgrammingProjects\SoftwareEngineering\FIXING_TEST_PART\geocontrol\src\controllers\measurementsController.ts">
        <metrics statements="106" coveredstatements="106" conditionals="18" coveredconditionals="18" methods="34" coveredmethods="34"/>
        <line num="1" count="17" type="stmt"/>
        <line num="2" count="17" type="stmt"/>
        <line num="3" count="17" type="stmt"/>
        <line num="8" count="17" type="stmt"/>
        <line num="20" count="326" type="stmt"/>
        <line num="21" count="326" type="stmt"/>
        <line num="23" count="326" type="stmt"/>
        <line num="24" count="80" type="stmt"/>
        <line num="25" count="80" type="stmt"/>
        <line num="26" count="80" type="stmt"/>
        <line num="27" count="326" type="stmt"/>
        <line num="32" count="80" type="stmt"/>
        <line num="56" count="83" type="cond" truecount="1" falsecount="0"/>
        <line num="57" count="25" type="stmt"/>
        <line num="68" count="201" type="stmt"/>
        <line num="69" count="201" type="stmt"/>
        <line num="71" count="201" type="stmt"/>
        <line num="72" count="58" type="stmt"/>
        <line num="73" count="58" type="stmt"/>
        <line num="74" count="58" type="stmt"/>
        <line num="75" count="201" type="stmt"/>
        <line num="80" count="58" type="stmt"/>
        <line num="95" count="17" type="stmt"/>
        <line num="110" count="83" type="stmt"/>
        <line num="111" count="83" type="stmt"/>
        <line num="116" count="80" type="stmt"/>
        <line num="117" count="80" type="stmt"/>
        <line num="118" count="80" type="stmt"/>
        <line num="121" count="17" type="stmt"/>
        <line num="128" count="19" type="stmt"/>
        <line num="129" count="19" type="stmt"/>
        <line num="135" count="12" type="stmt"/>
        <line num="136" count="12" type="stmt"/>
        <line num="145" count="12" type="stmt"/>
        <line num="150" count="12" type="stmt"/>
        <line num="154" count="17" type="stmt"/>
        <line num="159" count="17" type="stmt"/>
        <line num="166" count="17" type="stmt"/>
        <line num="167" count="17" type="stmt"/>
        <line num="172" count="11" type="stmt"/>
        <line num="173" count="11" type="stmt"/>
        <line num="178" count="11" type="stmt"/>
        <line num="183" count="11" type="stmt"/>
        <line num="186" count="17" type="stmt"/>
        <line num="193" count="15" type="stmt"/>
        <line num="194" count="15" type="stmt"/>
        <line num="199" count="9" type="stmt"/>
        <line num="200" count="9" type="stmt"/>
        <line num="205" count="9" type="stmt"/>
        <line num="210" count="44" type="stmt"/>
        <line num="211" count="9" type="stmt"/>
        <line num="215" count="5" type="stmt"/>
        <line num="220" count="17" type="stmt"/>
        <line num="225" count="28" type="stmt"/>
        <line num="226" count="28" type="stmt"/>
        <line num="231" count="28" type="stmt"/>
        <line num="232" count="98" type="stmt"/>
        <line num="233" count="38" type="stmt"/>
        <line num="238" count="38" type="stmt"/>
        <line num="242" count="69" type="stmt"/>
        <line num="248" count="17" type="stmt"/>
        <line num="253" count="11" type="stmt"/>
        <line num="254" count="11" type="stmt"/>
        <line num="259" count="11" type="stmt"/>
        <line num="260" count="66" type="stmt"/>
        <line num="261" count="13" type="stmt"/>
        <line num="266" count="57" type="stmt"/>
        <line num="268" count="13" type="stmt"/>
        <line num="272" count="5" type="stmt"/>
        <line num="275" count="13" type="stmt"/>
        <line num="278" count="11" type="stmt"/>
        <line num="292" count="17" type="stmt"/>
        <line num="298" count="24" type="stmt"/>
        <line num="299" count="25" type="stmt"/>
        <line num="301" count="24" type="stmt"/>
        <line num="302" count="25" type="stmt"/>
        <line num="304" count="24" type="stmt"/>
        <line num="305" count="24" type="stmt"/>
        <line num="307" count="22" type="stmt"/>
        <line num="309" count="22" type="stmt"/>
        <line num="311" count="22" type="cond" truecount="4" falsecount="0"/>
        <line num="315" count="22" type="stmt"/>
        <line num="317" count="22" type="cond" truecount="3" falsecount="0"/>
        <line num="319" count="3" type="stmt"/>
        <line num="321" count="19" type="stmt"/>
        <line num="324" count="17" type="stmt"/>
        <line num="330" count="15" type="stmt"/>
        <line num="331" count="15" type="stmt"/>
        <line num="333" count="13" type="stmt"/>
        <line num="334" count="13" type="cond" truecount="3" falsecount="0"/>
        <line num="335" count="12" type="stmt"/>
        <line num="336" count="12" type="stmt"/>
        <line num="337" count="12" type="cond" truecount="1" falsecount="0"/>
        <line num="339" count="3" type="stmt"/>
        <line num="341" count="10" type="stmt"/>
        <line num="344" count="17" type="stmt"/>
        <line num="350" count="13" type="stmt"/>
        <line num="351" count="13" type="stmt"/>
        <line num="353" count="11" type="stmt"/>
        <line num="355" count="11" type="cond" truecount="1" falsecount="0"/>
        <line num="356" count="11" type="stmt"/>
        <line num="357" count="11" type="stmt"/>
        <line num="358" count="11" type="cond" truecount="1" falsecount="0"/>
        <line num="360" count="3" type="stmt"/>
        <line num="362" count="8" type="stmt"/>
        <line num="367" count="11" type="stmt"/>
      </file>
      <file name="networkController.ts" path="C:\Users\matdo\Desktop\CODICI\ProgrammingProjects\SoftwareEngineering\FIXING_TEST_PART\geocontrol\src\controllers\networkController.ts">
        <metrics statements="17" coveredstatements="17" conditionals="0" coveredconditionals="0" methods="5" coveredmethods="5"/>
        <line num="2" count="17" type="stmt"/>
        <line num="3" count="17" type="stmt"/>
        <line num="5" count="17" type="stmt"/>
        <line num="6" count="8" type="stmt"/>
        <line num="7" count="8" type="stmt"/>
        <line num="10" count="17" type="stmt"/>
        <line num="11" count="19" type="stmt"/>
        <line num="12" count="19" type="stmt"/>
        <line num="15" count="17" type="stmt"/>
        <line num="16" count="170" type="stmt"/>
        <line num="17" count="170" type="stmt"/>
        <line num="20" count="17" type="stmt"/>
        <line num="21" count="10" type="stmt"/>
        <line num="22" count="10" type="stmt"/>
        <line num="25" count="17" type="stmt"/>
        <line num="26" count="25" type="stmt"/>
        <line num="27" count="25" type="stmt"/>
      </file>
      <file name="sensorController.ts" path="C:\Users\matdo\Desktop\CODICI\ProgrammingProjects\SoftwareEngineering\FIXING_TEST_PART\geocontrol\src\controllers\sensorController.ts">
        <metrics statements="24" coveredstatements="24" conditionals="0" coveredconditionals="0" methods="5" coveredmethods="5"/>
        <line num="2" count="17" type="stmt"/>
        <line num="3" count="17" type="stmt"/>
        <line num="4" count="17" type="stmt"/>
        <line num="6" count="17" type="stmt"/>
        <line num="10" count="11" type="stmt"/>
        <line num="11" count="11" type="stmt"/>
        <line num="12" count="8" type="stmt"/>
        <line num="13" count="8" type="stmt"/>
        <line num="18" count="17" type="stmt"/>
        <line num="23" count="17" type="stmt"/>
        <line num="24" count="17" type="stmt"/>
        <line num="25" count="13" type="stmt"/>
        <line num="26" count="13" type="stmt"/>
        <line num="31" count="17" type="stmt"/>
        <line num="36" count="143" type="stmt"/>
        <line num="37" count="143" type="stmt"/>
        <line num="39" count="143" type="stmt"/>
        <line num="41" count="141" type="stmt"/>
        <line num="50" count="17" type="stmt"/>
        <line num="56" count="12" type="stmt"/>
        <line num="57" count="12" type="stmt"/>
        <line num="65" count="17" type="stmt"/>
        <line num="70" count="21" type="stmt"/>
        <line num="72" count="21" type="stmt"/>
      </file>
      <file name="userController.ts" path="C:\Users\matdo\Desktop\CODICI\ProgrammingProjects\SoftwareEngineering\FIXING_TEST_PART\geocontrol\src\controllers\userController.ts">
        <metrics statements="14" coveredstatements="14" conditionals="0" coveredconditionals="0" methods="4" coveredmethods="4"/>
        <line num="2" count="17" type="stmt"/>
        <line num="3" count="17" type="stmt"/>
        <line num="5" count="17" type="stmt"/>
        <line num="6" count="2" type="stmt"/>
        <line num="7" count="2" type="stmt"/>
        <line num="10" count="17" type="stmt"/>
        <line num="11" count="5" type="stmt"/>
        <line num="12" count="5" type="stmt"/>
        <line num="15" count="17" type="stmt"/>
        <line num="16" count="5" type="stmt"/>
        <line num="17" count="5" type="stmt"/>
        <line num="20" count="17" type="stmt"/>
        <line num="21" count="4" type="stmt"/>
        <line num="22" count="4" type="stmt"/>
      </file>
    </package>
    <package name="src.middlewares">
      <metrics statements="12" coveredstatements="12" conditionals="1" coveredconditionals="1" methods="3" coveredmethods="3"/>
      <file name="authMiddleware.ts" path="C:\Users\matdo\Desktop\CODICI\ProgrammingProjects\SoftwareEngineering\FIXING_TEST_PART\geocontrol\src\middlewares\authMiddleware.ts">
        <metrics statements="7" coveredstatements="7" conditionals="1" coveredconditionals="1" methods="2" coveredmethods="2"/>
        <line num="3" count="17" type="stmt"/>
        <line num="10" count="17" type="cond" truecount="1" falsecount="0"/>
        <line num="11" count="419" type="stmt"/>
        <line num="16" count="917" type="stmt"/>
        <line num="17" count="917" type="stmt"/>
        <line num="18" count="860" type="stmt"/>
        <line num="20" count="57" type="stmt"/>
      </file>
      <file name="errorMiddleware.ts" path="C:\Users\matdo\Desktop\CODICI\ProgrammingProjects\SoftwareEngineering\FIXING_TEST_PART\geocontrol\src\middlewares\errorMiddleware.ts">
        <metrics statements="5" coveredstatements="5" conditionals="0" coveredconditionals="0" methods="1" coveredmethods="1"/>
        <line num="1" count="16" type="stmt"/>
        <line num="2" count="16" type="stmt"/>
        <line num="5" count="16" type="stmt"/>
        <line num="11" count="228" type="stmt"/>
        <line num="12" count="228" type="stmt"/>
      </file>
    </package>
    <package name="src.repositories">
      <metrics statements="189" coveredstatements="189" conditionals="75" coveredconditionals="75" methods="42" coveredmethods="42"/>
      <file name="GatewayRepository.ts" path="C:\Users\matdo\Desktop\CODICI\ProgrammingProjects\SoftwareEngineering\FIXING_TEST_PART\geocontrol\src\repositories\GatewayRepository.ts">
        <metrics statements="50" coveredstatements="50" conditionals="20" coveredconditionals="20" methods="9" coveredmethods="9"/>
        <line num="1" count="28" type="stmt"/>
        <line num="3" count="28" type="stmt"/>
        <line num="4" count="28" type="stmt"/>
        <line num="5" count="28" type="stmt"/>
        <line num="6" count="28" type="stmt"/>
        <line num="8" count="28" type="stmt"/>
        <line num="12" count="380" type="stmt"/>
        <line num="16" count="16" type="stmt"/>
        <line num="18" count="16" type="cond" truecount="2" falsecount="0"/>
        <line num="19" count="13" type="stmt"/>
        <line num="21" count="3" type="stmt"/>
        <line num="22" count="3" type="cond" truecount="4" falsecount="0"/>
        <line num="24" count="16" type="cond" truecount="1" falsecount="0"/>
        <line num="25" count="4" type="stmt"/>
        <line num="29" count="12" type="stmt"/>
        <line num="39" count="298" type="stmt"/>
        <line num="44" count="269" type="stmt"/>
        <line num="55" count="162" type="stmt"/>
        <line num="57" count="4" type="stmt"/>
        <line num="61" count="158" type="stmt"/>
        <line num="75" count="23" type="stmt"/>
        <line num="78" count="18" type="cond" truecount="2" falsecount="0"/>
        <line num="79" count="18" type="cond" truecount="2" falsecount="0"/>
        <line num="80" count="18" type="cond" truecount="2" falsecount="0"/>
        <line num="82" count="18" type="stmt"/>
        <line num="83" count="18" type="stmt"/>
        <line num="85" count="18" type="cond" truecount="1" falsecount="0"/>
        <line num="86" count="13" type="stmt"/>
        <line num="88" count="3" type="stmt"/>
        <line num="93" count="15" type="stmt"/>
        <line num="95" count="15" type="stmt"/>
        <line num="97" count="15" type="stmt"/>
        <line num="98" count="15" type="cond" truecount="1" falsecount="0"/>
        <line num="99" count="10" type="stmt"/>
        <line num="100" count="10" type="stmt"/>
        <line num="105" count="15" type="stmt"/>
        <line num="107" count="15" type="cond" truecount="1" falsecount="0"/>
        <line num="108" count="10" type="cond" truecount="1" falsecount="0"/>
        <line num="109" count="5" type="stmt"/>
        <line num="110" count="5" type="stmt"/>
        <line num="111" count="7" type="stmt"/>
        <line num="112" count="7" type="stmt"/>
        <line num="115" count="10" type="stmt"/>
        <line num="117" count="15" type="stmt"/>
        <line num="121" count="47" type="stmt"/>
        <line num="122" count="41" type="cond" truecount="3" falsecount="0"/>
        <line num="123" count="14" type="stmt"/>
        <line num="124" count="14" type="stmt"/>
        <line num="125" count="24" type="stmt"/>
        <line num="128" count="41" type="stmt"/>
      </file>
      <file name="MeasurementsRepository.ts" path="C:\Users\matdo\Desktop\CODICI\ProgrammingProjects\SoftwareEngineering\FIXING_TEST_PART\geocontrol\src\repositories\MeasurementsRepository.ts">
        <metrics statements="40" coveredstatements="40" conditionals="28" coveredconditionals="28" methods="6" coveredmethods="6"/>
        <line num="1" count="19" type="stmt"/>
        <line num="2" count="19" type="stmt"/>
        <line num="3" count="19" type="stmt"/>
        <line num="6" count="19" type="stmt"/>
        <line num="7" count="138" type="stmt"/>
        <line num="13" count="81" type="stmt"/>
        <line num="14" count="328" type="stmt"/>
        <line num="16" count="81" type="stmt"/>
        <line num="24" count="33" type="stmt"/>
        <line num="25" count="33" type="cond" truecount="4" falsecount="0"/>
        <line num="26" count="6" type="stmt"/>
        <line num="27" count="27" type="cond" truecount="2" falsecount="0"/>
        <line num="28" count="2" type="stmt"/>
        <line num="29" count="25" type="cond" truecount="1" falsecount="0"/>
        <line num="30" count="2" type="stmt"/>
        <line num="32" count="33" type="stmt"/>
        <line num="40" count="8" type="stmt"/>
        <line num="41" count="8" type="cond" truecount="4" falsecount="0"/>
        <line num="42" count="2" type="stmt"/>
        <line num="43" count="6" type="cond" truecount="2" falsecount="0"/>
        <line num="44" count="2" type="stmt"/>
        <line num="45" count="4" type="cond" truecount="1" falsecount="0"/>
        <line num="46" count="2" type="stmt"/>
        <line num="48" count="8" type="stmt"/>
        <line num="56" count="40" type="stmt"/>
        <line num="57" count="40" type="cond" truecount="4" falsecount="0"/>
        <line num="58" count="6" type="stmt"/>
        <line num="59" count="34" type="cond" truecount="2" falsecount="0"/>
        <line num="60" count="2" type="stmt"/>
        <line num="61" count="32" type="cond" truecount="1" falsecount="0"/>
        <line num="62" count="2" type="stmt"/>
        <line num="64" count="40" type="stmt"/>
        <line num="75" count="8" type="stmt"/>
        <line num="76" count="8" type="cond" truecount="4" falsecount="0"/>
        <line num="77" count="2" type="stmt"/>
        <line num="78" count="6" type="cond" truecount="2" falsecount="0"/>
        <line num="79" count="2" type="stmt"/>
        <line num="80" count="4" type="cond" truecount="1" falsecount="0"/>
        <line num="81" count="2" type="stmt"/>
        <line num="83" count="8" type="stmt"/>
      </file>
      <file name="NetworkRepository.ts" path="C:\Users\matdo\Desktop\CODICI\ProgrammingProjects\SoftwareEngineering\FIXING_TEST_PART\geocontrol\src\repositories\NetworkRepository.ts">
        <metrics statements="41" coveredstatements="41" conditionals="13" coveredconditionals="13" methods="9" coveredmethods="9"/>
        <line num="1" count="24" type="stmt"/>
        <line num="3" count="24" type="stmt"/>
        <line num="4" count="24" type="stmt"/>
        <line num="5" count="24" type="stmt"/>
        <line num="7" count="24" type="stmt"/>
        <line num="11" count="417" type="stmt"/>
        <line num="15" count="12" type="stmt"/>
        <line num="19" count="300" type="stmt"/>
        <line num="24" count="275" type="stmt"/>
        <line num="34" count="185" type="stmt"/>
        <line num="36" count="4" type="stmt"/>
        <line num="40" count="181" type="stmt"/>
        <line num="52" count="21" type="stmt"/>
        <line num="55" count="17" type="cond" truecount="2" falsecount="0"/>
        <line num="57" count="17" type="cond" truecount="2" falsecount="0"/>
        <line num="59" count="17" type="cond" truecount="2" falsecount="0"/>
        <line num="61" count="17" type="stmt"/>
        <line num="64" count="17" type="cond" truecount="1" falsecount="0"/>
        <line num="66" count="11" type="stmt"/>
        <line num="68" count="3" type="stmt"/>
        <line num="72" count="14" type="stmt"/>
        <line num="74" count="14" type="stmt"/>
        <line num="76" count="14" type="stmt"/>
        <line num="77" count="14" type="cond" truecount="1" falsecount="0"/>
        <line num="78" count="8" type="stmt"/>
        <line num="79" count="8" type="stmt"/>
        <line num="85" count="14" type="stmt"/>
        <line num="86" count="14" type="cond" truecount="1" falsecount="0"/>
        <line num="87" count="8" type="cond" truecount="1" falsecount="0"/>
        <line num="88" count="4" type="stmt"/>
        <line num="89" count="4" type="stmt"/>
        <line num="90" count="7" type="stmt"/>
        <line num="91" count="7" type="stmt"/>
        <line num="94" count="8" type="stmt"/>
        <line num="97" count="14" type="stmt"/>
        <line num="101" count="36" type="stmt"/>
        <line num="102" count="32" type="cond" truecount="3" falsecount="0"/>
        <line num="103" count="8" type="stmt"/>
        <line num="104" count="8" type="stmt"/>
        <line num="105" count="12" type="stmt"/>
        <line num="108" count="32" type="stmt"/>
      </file>
      <file name="SensorRepository.ts" path="C:\Users\matdo\Desktop\CODICI\ProgrammingProjects\SoftwareEngineering\FIXING_TEST_PART\geocontrol\src\repositories\SensorRepository.ts">
        <metrics statements="46" coveredstatements="46" conditionals="14" coveredconditionals="14" methods="11" coveredmethods="11"/>
        <line num="1" count="22" type="stmt"/>
        <line num="4" count="22" type="stmt"/>
        <line num="5" count="22" type="stmt"/>
        <line num="6" count="22" type="stmt"/>
        <line num="9" count="22" type="stmt"/>
        <line num="13" count="363" type="stmt"/>
        <line num="20" count="9" type="stmt"/>
        <line num="33" count="9" type="stmt"/>
        <line num="41" count="216" type="stmt"/>
        <line num="56" count="179" type="stmt"/>
        <line num="62" count="37" type="stmt"/>
        <line num="77" count="46" type="stmt"/>
        <line num="110" count="154" type="stmt"/>
        <line num="116" count="7" type="stmt"/>
        <line num="120" count="147" type="stmt"/>
        <line num="136" count="18" type="stmt"/>
        <line num="138" count="14" type="cond" truecount="2" falsecount="0"/>
        <line num="139" count="14" type="stmt"/>
        <line num="142" count="14" type="cond" truecount="2" falsecount="0"/>
        <line num="143" count="14" type="cond" truecount="2" falsecount="0"/>
        <line num="144" count="14" type="cond" truecount="2" falsecount="0"/>
        <line num="145" count="14" type="cond" truecount="2" falsecount="0"/>
        <line num="147" count="14" type="cond" truecount="1" falsecount="0"/>
        <line num="148" count="9" type="stmt"/>
        <line num="150" count="3" type="stmt"/>
        <line num="155" count="11" type="stmt"/>
        <line num="157" count="11" type="stmt"/>
        <line num="159" count="11" type="stmt"/>
        <line num="160" count="11" type="cond" truecount="1" falsecount="0"/>
        <line num="161" count="6" type="stmt"/>
        <line num="162" count="6" type="stmt"/>
        <line num="169" count="11" type="stmt"/>
        <line num="171" count="11" type="cond" truecount="1" falsecount="0"/>
        <line num="172" count="6" type="cond" truecount="1" falsecount="0"/>
        <line num="173" count="2" type="stmt"/>
        <line num="174" count="2" type="stmt"/>
        <line num="175" count="3" type="stmt"/>
        <line num="176" count="3" type="stmt"/>
        <line num="179" count="6" type="stmt"/>
        <line num="182" count="11" type="stmt"/>
        <line num="190" count="28" type="stmt"/>
        <line num="192" count="25" type="stmt"/>
        <line num="193" count="25" type="stmt"/>
        <line num="198" count="25" type="stmt"/>
        <line num="199" count="47" type="stmt"/>
        <line num="202" count="25" type="stmt"/>
      </file>
      <file name="UserRepository.ts" path="C:\Users\matdo\Desktop\CODICI\ProgrammingProjects\SoftwareEngineering\FIXING_TEST_PART\geocontrol\src\repositories\UserRepository.ts">
        <metrics statements="12" coveredstatements="12" conditionals="0" coveredconditionals="0" methods="7" coveredmethods="7"/>
        <line num="1" count="27" type="stmt"/>
        <line num="3" count="27" type="stmt"/>
        <line num="5" count="27" type="stmt"/>
        <line num="7" count="27" type="stmt"/>
        <line num="11" count="998" type="stmt"/>
        <line num="15" count="2" type="stmt"/>
        <line num="19" count="847" type="stmt"/>
        <line num="21" count="842" type="stmt"/>
        <line num="31" count="451" type="stmt"/>
        <line num="33" count="3" type="stmt"/>
        <line num="37" count="448" type="stmt"/>
        <line num="45" count="5" type="stmt"/>
      </file>
    </package>
    <package name="src.routes">
      <metrics statements="214" coveredstatements="214" conditionals="18" coveredconditionals="18" methods="33" coveredmethods="33"/>
      <file name="authenticationRoutes.ts" path="C:\Users\matdo\Desktop\CODICI\ProgrammingProjects\SoftwareEngineering\FIXING_TEST_PART\geocontrol\src\routes\authenticationRoutes.ts">
        <metrics statements="9" coveredstatements="9" conditionals="0" coveredconditionals="0" methods="1" coveredmethods="1"/>
        <line num="1" count="16" type="stmt"/>
        <line num="2" count="16" type="stmt"/>
        <line num="3" count="16" type="stmt"/>
        <line num="5" count="16" type="stmt"/>
        <line num="8" count="16" type="stmt"/>
        <line num="9" count="2" type="stmt"/>
        <line num="10" count="2" type="stmt"/>
        <line num="12" count="1" type="stmt"/>
        <line num="16" count="16" type="stmt"/>
      </file>
      <file name="gatewayRoutes.ts" path="C:\Users\matdo\Desktop\CODICI\ProgrammingProjects\SoftwareEngineering\FIXING_TEST_PART\geocontrol\src\routes\gatewayRoutes.ts">
        <metrics statements="42" coveredstatements="42" conditionals="0" coveredconditionals="0" methods="5" coveredmethods="5"/>
        <line num="1" count="16" type="stmt"/>
        <line num="2" count="16" type="stmt"/>
        <line num="3" count="16" type="stmt"/>
        <line num="4" count="16" type="stmt"/>
        <line num="5" count="16" type="stmt"/>
        <line num="7" count="16" type="stmt"/>
        <line num="9" count="16" type="stmt"/>
        <line num="13" count="10" type="stmt"/>
        <line num="14" count="10" type="stmt"/>
        <line num="15" count="10" type="stmt"/>
        <line num="16" count="8" type="stmt"/>
        <line num="18" count="2" type="stmt"/>
        <line num="23" count="16" type="stmt"/>
        <line num="27" count="148" type="stmt"/>
        <line num="28" count="148" type="stmt"/>
        <line num="29" count="148" type="stmt"/>
        <line num="30" count="148" type="stmt"/>
        <line num="31" count="144" type="stmt"/>
        <line num="33" count="4" type="stmt"/>
        <line num="38" count="16" type="stmt"/>
        <line num="42" count="15" type="stmt"/>
        <line num="43" count="15" type="stmt"/>
        <line num="44" count="15" type="stmt"/>
        <line num="45" count="15" type="stmt"/>
        <line num="46" count="9" type="stmt"/>
        <line num="48" count="6" type="stmt"/>
        <line num="53" count="16" type="stmt"/>
        <line num="57" count="12" type="stmt"/>
        <line num="58" count="12" type="stmt"/>
        <line num="59" count="12" type="stmt"/>
        <line num="60" count="12" type="stmt"/>
        <line num="61" count="12" type="stmt"/>
        <line num="62" count="7" type="stmt"/>
        <line num="64" count="5" type="stmt"/>
        <line num="69" count="16" type="stmt"/>
        <line num="73" count="22" type="stmt"/>
        <line num="74" count="22" type="stmt"/>
        <line num="75" count="22" type="stmt"/>
        <line num="76" count="22" type="stmt"/>
        <line num="77" count="18" type="stmt"/>
        <line num="79" count="4" type="stmt"/>
        <line num="84" count="16" type="stmt"/>
      </file>
      <file name="measurementRoutes.ts" path="C:\Users\matdo\Desktop\CODICI\ProgrammingProjects\SoftwareEngineering\FIXING_TEST_PART\geocontrol\src\routes\measurementRoutes.ts">
        <metrics statements="78" coveredstatements="78" conditionals="18" coveredconditionals="18" methods="13" coveredmethods="13"/>
        <line num="1" count="16" type="stmt"/>
        <line num="2" count="16" type="stmt"/>
        <line num="11" count="16" type="stmt"/>
        <line num="12" count="16" type="stmt"/>
        <line num="13" count="16" type="stmt"/>
        <line num="15" count="16" type="stmt"/>
        <line num="17" count="16" type="stmt"/>
        <line num="21" count="84" type="stmt"/>
        <line num="22" count="84" type="stmt"/>
        <line num="23" count="84" type="stmt"/>
        <line num="24" count="80" type="stmt"/>
        <line num="26" count="4" type="stmt"/>
        <line num="31" count="16" type="stmt"/>
        <line num="35" count="20" type="stmt"/>
        <line num="36" count="20" type="stmt"/>
        <line num="38" count="20" type="stmt"/>
        <line num="39" count="20" type="stmt"/>
        <line num="41" count="20" type="stmt"/>
        <line num="48" count="12" type="cond" truecount="3" falsecount="0"/>
        <line num="49" count="16" type="stmt"/>
        <line num="54" count="12" type="stmt"/>
        <line num="56" count="8" type="stmt"/>
        <line num="61" count="16" type="stmt"/>
        <line num="65" count="15" type="stmt"/>
        <line num="66" count="15" type="stmt"/>
        <line num="67" count="15" type="stmt"/>
        <line num="68" count="15" type="stmt"/>
        <line num="69" count="15" type="stmt"/>
        <line num="76" count="8" type="stmt"/>
        <line num="78" count="7" type="stmt"/>
        <line num="83" count="16" type="stmt"/>
        <line num="87" count="16" type="stmt"/>
        <line num="88" count="16" type="stmt"/>
        <line num="89" count="16" type="stmt"/>
        <line num="90" count="16" type="stmt"/>
        <line num="91" count="16" type="stmt"/>
        <line num="98" count="9" type="cond" truecount="3" falsecount="0"/>
        <line num="99" count="9" type="stmt"/>
        <line num="104" count="9" type="stmt"/>
        <line num="106" count="7" type="stmt"/>
        <line num="111" count="16" type="stmt"/>
        <line num="115" count="24" type="stmt"/>
        <line num="116" count="24" type="stmt"/>
        <line num="117" count="24" type="stmt"/>
        <line num="118" count="24" type="stmt"/>
        <line num="119" count="24" type="stmt"/>
        <line num="120" count="24" type="stmt"/>
        <line num="126" count="21" type="cond" truecount="1" falsecount="0"/>
        <line num="127" count="21" type="stmt"/>
        <line num="128" count="26" type="cond" truecount="1" falsecount="0"/>
        <line num="129" count="26" type="stmt"/>
        <line num="130" count="50" type="stmt"/>
        <line num="138" count="21" type="stmt"/>
        <line num="140" count="3" type="stmt"/>
        <line num="145" count="16" type="stmt"/>
        <line num="149" count="12" type="stmt"/>
        <line num="150" count="12" type="stmt"/>
        <line num="151" count="12" type="stmt"/>
        <line num="152" count="12" type="stmt"/>
        <line num="153" count="12" type="stmt"/>
        <line num="154" count="12" type="stmt"/>
        <line num="160" count="9" type="stmt"/>
        <line num="162" count="3" type="stmt"/>
        <line num="167" count="16" type="stmt"/>
        <line num="171" count="14" type="stmt"/>
        <line num="172" count="14" type="stmt"/>
        <line num="173" count="14" type="stmt"/>
        <line num="174" count="14" type="stmt"/>
        <line num="175" count="14" type="stmt"/>
        <line num="176" count="14" type="stmt"/>
        <line num="182" count="11" type="cond" truecount="1" falsecount="0"/>
        <line num="183" count="11" type="stmt"/>
        <line num="184" count="11" type="cond" truecount="1" falsecount="0"/>
        <line num="185" count="11" type="stmt"/>
        <line num="186" count="7" type="stmt"/>
        <line num="194" count="11" type="stmt"/>
        <line num="196" count="3" type="stmt"/>
        <line num="201" count="16" type="stmt"/>
      </file>
      <file name="networkRoutes.ts" path="C:\Users\matdo\Desktop\CODICI\ProgrammingProjects\SoftwareEngineering\FIXING_TEST_PART\geocontrol\src\routes\networkRoutes.ts">
        <metrics statements="30" coveredstatements="30" conditionals="0" coveredconditionals="0" methods="5" coveredmethods="5"/>
        <line num="1" count="16" type="stmt"/>
        <line num="2" count="16" type="stmt"/>
        <line num="3" count="16" type="stmt"/>
        <line num="4" count="16" type="stmt"/>
        <line num="5" count="16" type="stmt"/>
        <line num="7" count="16" type="stmt"/>
        <line num="9" count="16" type="stmt"/>
        <line num="13" count="9" type="stmt"/>
        <line num="14" count="9" type="stmt"/>
        <line num="16" count="1" type="stmt"/>
        <line num="21" count="16" type="stmt"/>
        <line num="25" count="171" type="stmt"/>
        <line num="26" count="171" type="stmt"/>
        <line num="27" count="168" type="stmt"/>
        <line num="29" count="3" type="stmt"/>
        <line num="34" count="16" type="stmt"/>
        <line num="38" count="20" type="stmt"/>
        <line num="39" count="20" type="stmt"/>
        <line num="41" count="7" type="stmt"/>
        <line num="46" count="16" type="stmt"/>
        <line num="50" count="11" type="stmt"/>
        <line num="51" count="11" type="stmt"/>
        <line num="52" count="7" type="stmt"/>
        <line num="54" count="4" type="stmt"/>
        <line num="59" count="16" type="stmt"/>
        <line num="63" count="26" type="stmt"/>
        <line num="64" count="26" type="stmt"/>
        <line num="65" count="23" type="stmt"/>
        <line num="67" count="3" type="stmt"/>
        <line num="72" count="16" type="stmt"/>
      </file>
      <file name="sensorRoutes.ts" path="C:\Users\matdo\Desktop\CODICI\ProgrammingProjects\SoftwareEngineering\FIXING_TEST_PART\geocontrol\src\routes\sensorRoutes.ts">
        <metrics statements="30" coveredstatements="30" conditionals="0" coveredconditionals="0" methods="5" coveredmethods="5"/>
        <line num="1" count="16" type="stmt"/>
        <line num="2" count="16" type="stmt"/>
        <line num="3" count="16" type="stmt"/>
        <line num="4" count="16" type="stmt"/>
        <line num="5" count="16" type="stmt"/>
        <line num="7" count="16" type="stmt"/>
        <line num="9" count="16" type="stmt"/>
        <line num="13" count="12" type="stmt"/>
        <line num="14" count="12" type="stmt"/>
        <line num="20" count="4" type="stmt"/>
        <line num="25" count="16" type="stmt"/>
        <line num="29" count="144" type="stmt"/>
        <line num="30" count="144" type="stmt"/>
        <line num="35" count="136" type="stmt"/>
        <line num="37" count="8" type="stmt"/>
        <line num="42" count="16" type="stmt"/>
        <line num="46" count="18" type="stmt"/>
        <line num="47" count="18" type="stmt"/>
        <line num="57" count="9" type="stmt"/>
        <line num="62" count="16" type="stmt"/>
        <line num="66" count="13" type="stmt"/>
        <line num="67" count="13" type="stmt"/>
        <line num="73" count="7" type="stmt"/>
        <line num="75" count="6" type="stmt"/>
        <line num="80" count="16" type="stmt"/>
        <line num="84" count="22" type="stmt"/>
        <line num="85" count="22" type="stmt"/>
        <line num="90" count="18" type="stmt"/>
        <line num="92" count="4" type="stmt"/>
        <line num="97" count="16" type="stmt"/>
      </file>
      <file name="userRoutes.ts" path="C:\Users\matdo\Desktop\CODICI\ProgrammingProjects\SoftwareEngineering\FIXING_TEST_PART\geocontrol\src\routes\userRoutes.ts">
        <metrics statements="25" coveredstatements="25" conditionals="0" coveredconditionals="0" methods="4" coveredmethods="4"/>
        <line num="1" count="16" type="stmt"/>
        <line num="2" count="16" type="stmt"/>
        <line num="3" count="16" type="stmt"/>
        <line num="4" count="16" type="stmt"/>
        <line num="10" count="16" type="stmt"/>
        <line num="12" count="16" type="stmt"/>
        <line num="14" count="16" type="stmt"/>
        <line num="15" count="4" type="stmt"/>
        <line num="16" count="4" type="stmt"/>
        <line num="18" count="1" type="stmt"/>
        <line num="22" count="16" type="stmt"/>
        <line num="26" count="6" type="stmt"/>
        <line num="27" count="6" type="stmt"/>
        <line num="28" count="5" type="stmt"/>
        <line num="30" count="1" type="stmt"/>
        <line num="35" count="16" type="stmt"/>
        <line num="39" count="4" type="stmt"/>
        <line num="40" count="4" type="stmt"/>
        <line num="42" count="2" type="stmt"/>
        <line num="47" count="16" type="stmt"/>
        <line num="51" count="6" type="stmt"/>
        <line num="52" count="6" type="stmt"/>
        <line num="53" count="4" type="stmt"/>
        <line num="55" count="2" type="stmt"/>
        <line num="60" count="16" type="stmt"/>
      </file>
    </package>
    <package name="src.services">
      <metrics statements="69" coveredstatements="69" conditionals="22" coveredconditionals="22" methods="23" coveredmethods="23"/>
      <file name="authService.ts" path="C:\Users\matdo\Desktop\CODICI\ProgrammingProjects\SoftwareEngineering\FIXING_TEST_PART\geocontrol\src\services\authService.ts">
        <metrics statements="25" coveredstatements="25" conditionals="10" coveredconditionals="10" methods="4" coveredmethods="4"/>
        <line num="1" count="18" type="stmt"/>
        <line num="2" count="18" type="stmt"/>
        <line num="5" count="18" type="stmt"/>
        <line num="7" count="18" type="stmt"/>
        <line num="8" count="18" type="stmt"/>
        <line num="9" count="18" type="stmt"/>
        <line num="11" count="18" type="stmt"/>
        <line num="12" count="419" type="stmt"/>
        <line num="15" count="18" type="stmt"/>
        <line num="19" count="863" type="stmt"/>
        <line num="20" count="836" type="stmt"/>
        <line num="22" count="836" type="stmt"/>
        <line num="23" count="836" type="stmt"/>
        <line num="25" count="1" type="stmt"/>
        <line num="30" count="835" type="cond" truecount="3" falsecount="0"/>
        <line num="31" count="25" type="stmt"/>
        <line num="36" count="863" type="stmt"/>
        <line num="37" count="863" type="stmt"/>
        <line num="39" count="27" type="cond" truecount="2" falsecount="0"/>
        <line num="46" count="863" type="cond" truecount="1" falsecount="0"/>
        <line num="47" count="1" type="stmt"/>
        <line num="50" count="862" type="stmt"/>
        <line num="51" count="862" type="cond" truecount="3" falsecount="0"/>
        <line num="52" count="9" type="stmt"/>
        <line num="55" count="853" type="stmt"/>
      </file>
      <file name="errorService.ts" path="C:\Users\matdo\Desktop\CODICI\ProgrammingProjects\SoftwareEngineering\FIXING_TEST_PART\geocontrol\src\services\errorService.ts">
        <metrics statements="10" coveredstatements="10" conditionals="8" coveredconditionals="8" methods="1" coveredmethods="1"/>
        <line num="2" count="17" type="stmt"/>
        <line num="3" count="17" type="stmt"/>
        <line num="4" count="17" type="stmt"/>
        <line num="6" count="17" type="stmt"/>
        <line num="7" count="232" type="stmt"/>
        <line num="13" count="232" type="stmt"/>
        <line num="14" count="232" type="stmt"/>
        <line num="18" count="232" type="cond" truecount="1" falsecount="0"/>
        <line num="22" count="211" type="stmt"/>
        <line num="25" count="232" type="stmt"/>
      </file>
      <file name="mapperService.ts" path="C:\Users\matdo\Desktop\CODICI\ProgrammingProjects\SoftwareEngineering\FIXING_TEST_PART\geocontrol\src\services\mapperService.ts">
        <metrics statements="34" coveredstatements="34" conditionals="4" coveredconditionals="4" methods="18" coveredmethods="18"/>
        <line num="19" count="24" type="stmt"/>
        <line num="20" count="440" type="stmt"/>
        <line num="23" count="24" type="stmt"/>
        <line num="24" count="2" type="stmt"/>
        <line num="27" count="24" type="stmt"/>
        <line num="28" count="13" type="stmt"/>
        <line num="31" count="24" type="stmt"/>
        <line num="32" count="10" type="stmt"/>
        <line num="35" count="24" type="stmt"/>
        <line num="37" count="21" type="stmt"/>
        <line num="40" count="24" type="stmt"/>
        <line num="41" count="9" type="stmt"/>
        <line num="49" count="24" type="stmt"/>
        <line num="50" count="11" type="stmt"/>
        <line num="59" count="24" type="stmt"/>
        <line num="60" count="11" type="stmt"/>
        <line num="70" count="24" type="stmt"/>
        <line num="71" count="21" type="stmt"/>
        <line num="72" count="13" type="stmt"/>
        <line num="81" count="24" type="stmt"/>
        <line num="82" count="15" type="stmt"/>
        <line num="91" count="24" type="stmt"/>
        <line num="92" count="15" type="stmt"/>
        <line num="101" count="24" type="stmt"/>
        <line num="102" count="29" type="stmt"/>
        <line num="111" count="24" type="stmt"/>
        <line num="112" count="29" type="stmt"/>
        <line num="121" count="24" type="stmt"/>
        <line num="122" count="85" type="stmt"/>
        <line num="129" count="24" type="stmt"/>
        <line num="130" count="85" type="stmt"/>
        <line num="137" count="24" type="stmt"/>
        <line num="138" count="606" type="stmt"/>
        <line num="141" count="1924" type="cond" truecount="4" falsecount="0"/>
      </file>
    </package>
  </project>
</coverage>
