{"C:\\Users\\matdo\\Desktop\\CODICI\\ProgrammingProjects\\SoftwareEngineering\\FIXING_TEST_PART\\geocontrol\\src\\app.ts": {"path":"C:\\Users\\matdo\\Desktop\\CODICI\\ProgrammingProjects\\SoftwareEngineering\\FIXING_TEST_PART\\geocontrol\\src\\app.ts","statementMap":{"0":{"start":{"line":1,"column":0},"end":{"line":1,"column":30}},"1":{"start":{"line":2,"column":0},"end":{"line":2,"column":43}},"2":{"start":{"line":3,"column":0},"end":{"line":3,"column":26}},"3":{"start":{"line":4,"column":0},"end":{"line":4,"column":33}},"4":{"start":{"line":5,"column":0},"end":{"line":5,"column":60}},"5":{"start":{"line":6,"column":0},"end":{"line":6,"column":64}},"6":{"start":{"line":7,"column":0},"end":{"line":7,"column":44}},"7":{"start":{"line":8,"column":0},"end":{"line":8,"column":50}},"8":{"start":{"line":9,"column":0},"end":{"line":9,"column":48}},"9":{"start":{"line":10,"column":0},"end":{"line":10,"column":58}},"10":{"start":{"line":11,"column":0},"end":{"line":11,"column":50}},"11":{"start":{"line":12,"column":0},"end":{"line":12,"column":24}},"12":{"start":{"line":13,"column":0},"end":{"line":13,"column":75}},"13":{"start":{"line":15,"column":13},"end":{"line":15,"column":29}},"14":{"start":{"line":17,"column":0},"end":{"line":17,"column":24}},"15":{"start":{"line":18,"column":0},"end":{"line":18,"column":16}},"16":{"start":{"line":20,"column":0},"end":{"line":24,"column":2}},"17":{"start":{"line":27,"column":0},"end":{"line":33,"column":2}},"18":{"start":{"line":35,"column":0},"end":{"line":35,"column":53}},"19":{"start":{"line":36,"column":0},"end":{"line":36,"column":44}},"20":{"start":{"line":37,"column":0},"end":{"line":37,"column":50}},"21":{"start":{"line":38,"column":0},"end":{"line":38,"column":50}},"22":{"start":{"line":39,"column":0},"end":{"line":39,"column":48}},"23":{"start":{"line":40,"column":0},"end":{"line":40,"column":27}},"24":{"start":{"line":43,"column":0},"end":{"line":43,"column":22}}},"fnMap":{},"branchMap":{},"s":{"0":16,"1":16,"2":16,"3":16,"4":16,"5":16,"6":16,"7":16,"8":16,"9":16,"10":16,"11":16,"12":16,"13":16,"14":16,"15":16,"16":16,"17":16,"18":16,"19":16,"20":16,"21":16,"22":16,"23":16,"24":16},"f":{},"b":{}}
,"C:\\Users\\matdo\\Desktop\\CODICI\\ProgrammingProjects\\SoftwareEngineering\\FIXING_TEST_PART\\geocontrol\\src\\utils.ts": {"path":"C:\\Users\\matdo\\Desktop\\CODICI\\ProgrammingProjects\\SoftwareEngineering\\FIXING_TEST_PART\\geocontrol\\src\\utils.ts","statementMap":{"0":{"start":{"line":5,"column":0},"end":{"line":5,"column":16}},"1":{"start":{"line":17,"column":0},"end":{"line":17,"column":16}},"2":{"start":{"line":27,"column":0},"end":{"line":27,"column":16}},"3":{"start":{"line":34,"column":0},"end":{"line":34,"column":16}},"4":{"start":{"line":1,"column":0},"end":{"line":1,"column":61}},"5":{"start":{"line":2,"column":0},"end":{"line":2,"column":61}},"6":{"start":{"line":3,"column":0},"end":{"line":3,"column":45}},"7":{"start":{"line":10,"column":15},"end":{"line":10,"column":36}},"8":{"start":{"line":11,"column":2},"end":{"line":13,"column":3}},"9":{"start":{"line":12,"column":4},"end":{"line":12,"column":42}},"10":{"start":{"line":14,"column":2},"end":{"line":14,"column":14}},"11":{"start":{"line":22,"column":2},"end":{"line":24,"column":3}},"12":{"start":{"line":23,"column":4},"end":{"line":23,"column":42}},"13":{"start":{"line":28,"column":2},"end":{"line":28,"column":50}},"14":{"start":{"line":28,"column":33},"end":{"line":28,"column":50}},"15":{"start":{"line":30,"column":15},"end":{"line":30,"column":50}},"16":{"start":{"line":31,"column":2},"end":{"line":31,"column":62}},"17":{"start":{"line":35,"column":2},"end":{"line":42,"column":3}},"18":{"start":{"line":36,"column":4},"end":{"line":41,"column":31}},"19":{"start":{"line":37,"column":19},"end":{"line":37,"column":56}},"20":{"start":{"line":40,"column":18},"end":{"line":40,"column":26}},"21":{"start":{"line":41,"column":21},"end":{"line":41,"column":29}},"22":{"start":{"line":44,"column":2},"end":{"line":49,"column":3}},"23":{"start":{"line":45,"column":4},"end":{"line":48,"column":31}},"24":{"start":{"line":47,"column":18},"end":{"line":47,"column":26}},"25":{"start":{"line":48,"column":21},"end":{"line":48,"column":29}},"26":{"start":{"line":51,"column":2},"end":{"line":51,"column":19}}},"fnMap":{"0":{"name":"findOrThrowNotFound","decl":{"start":{"line":5,"column":16},"end":{"line":5,"column":35}},"loc":{"start":{"line":8,"column":22},"end":{"line":15,"column":1}}},"1":{"name":"throwConflictIfFound","decl":{"start":{"line":17,"column":16},"end":{"line":17,"column":36}},"loc":{"start":{"line":20,"column":22},"end":{"line":25,"column":1}}},"2":{"name":"parseISODateParamToUTC","decl":{"start":{"line":27,"column":16},"end":{"line":27,"column":38}},"loc":{"start":{"line":27,"column":53},"end":{"line":32,"column":1}}},"3":{"name":"parseStringArrayParam","decl":{"start":{"line":34,"column":16},"end":{"line":34,"column":37}},"loc":{"start":{"line":34,"column":53},"end":{"line":52,"column":1}}},"4":{"name":"(anonymous_4)","decl":{"start":{"line":37,"column":11},"end":{"line":37,"column":12}},"loc":{"start":{"line":37,"column":19},"end":{"line":37,"column":56}}},"5":{"name":"(anonymous_5)","decl":{"start":{"line":40,"column":11},"end":{"line":40,"column":12}},"loc":{"start":{"line":40,"column":18},"end":{"line":40,"column":26}}},"6":{"name":"(anonymous_6)","decl":{"start":{"line":41,"column":14},"end":{"line":41,"column":15}},"loc":{"start":{"line":41,"column":21},"end":{"line":41,"column":29}}},"7":{"name":"(anonymous_7)","decl":{"start":{"line":47,"column":11},"end":{"line":47,"column":12}},"loc":{"start":{"line":47,"column":18},"end":{"line":47,"column":26}}},"8":{"name":"(anonymous_8)","decl":{"start":{"line":48,"column":14},"end":{"line":48,"column":15}},"loc":{"start":{"line":48,"column":21},"end":{"line":48,"column":29}}}},"branchMap":{"0":{"loc":{"start":{"line":11,"column":2},"end":{"line":13,"column":3}},"type":"if","locations":[{"start":{"line":11,"column":2},"end":{"line":13,"column":3}}]},"1":{"loc":{"start":{"line":22,"column":2},"end":{"line":24,"column":3}},"type":"if","locations":[{"start":{"line":22,"column":2},"end":{"line":24,"column":3}}]},"2":{"loc":{"start":{"line":28,"column":2},"end":{"line":28,"column":50}},"type":"if","locations":[{"start":{"line":28,"column":2},"end":{"line":28,"column":50}}]},"3":{"loc":{"start":{"line":31,"column":9},"end":{"line":31,"column":61}},"type":"cond-expr","locations":[{"start":{"line":31,"column":25},"end":{"line":31,"column":49}},{"start":{"line":31,"column":52},"end":{"line":31,"column":61}}]},"4":{"loc":{"start":{"line":35,"column":2},"end":{"line":42,"column":3}},"type":"if","locations":[{"start":{"line":35,"column":2},"end":{"line":42,"column":3}}]},"5":{"loc":{"start":{"line":37,"column":19},"end":{"line":37,"column":56}},"type":"cond-expr","locations":[{"start":{"line":37,"column":43},"end":{"line":37,"column":51}},{"start":{"line":37,"column":54},"end":{"line":37,"column":56}}]},"6":{"loc":{"start":{"line":44,"column":2},"end":{"line":49,"column":3}},"type":"if","locations":[{"start":{"line":44,"column":2},"end":{"line":49,"column":3}}]}},"s":{"0":45,"1":45,"2":45,"3":45,"4":45,"5":45,"6":45,"7":1661,"8":1661,"9":96,"10":1565,"11":985,"12":27,"13":205,"14":187,"15":18,"16":18,"17":55,"18":3,"19":9,"20":9,"21":9,"22":52,"23":2,"24":3,"25":3,"26":50},"f":{"0":1661,"1":985,"2":205,"3":55,"4":9,"5":9,"6":9,"7":3,"8":3},"b":{"0":[96],"1":[27],"2":[187],"3":[17,1],"4":[3],"5":[7,2],"6":[2]}}
,"C:\\Users\\matdo\\Desktop\\CODICI\\ProgrammingProjects\\SoftwareEngineering\\FIXING_TEST_PART\\geocontrol\\src\\controllers\\authController.ts": {"path":"C:\\Users\\matdo\\Desktop\\CODICI\\ProgrammingProjects\\SoftwareEngineering\\FIXING_TEST_PART\\geocontrol\\src\\controllers\\authController.ts","statementMap":{"0":{"start":{"line":9,"column":0},"end":{"line":9,"column":7}},"1":{"start":{"line":2,"column":0},"end":{"line":2,"column":62}},"2":{"start":{"line":4,"column":0},"end":{"line":4,"column":61}},"3":{"start":{"line":5,"column":0},"end":{"line":5,"column":62}},"4":{"start":{"line":6,"column":0},"end":{"line":6,"column":54}},"5":{"start":{"line":7,"column":0},"end":{"line":7,"column":72}},"6":{"start":{"line":10,"column":19},"end":{"line":10,"column":39}},"7":{"start":{"line":11,"column":18},"end":{"line":11,"column":68}},"8":{"start":{"line":12,"column":2},"end":{"line":14,"column":3}},"9":{"start":{"line":13,"column":4},"end":{"line":13,"column":46}},"10":{"start":{"line":15,"column":2},"end":{"line":17,"column":3}},"11":{"start":{"line":16,"column":4},"end":{"line":16,"column":52}},"12":{"start":{"line":18,"column":2},"end":{"line":22,"column":4}}},"fnMap":{"0":{"name":"getToken","decl":{"start":{"line":9,"column":22},"end":{"line":9,"column":30}},"loc":{"start":{"line":9,"column":47},"end":{"line":23,"column":1}}}},"branchMap":{"0":{"loc":{"start":{"line":12,"column":2},"end":{"line":14,"column":3}},"type":"if","locations":[{"start":{"line":12,"column":2},"end":{"line":14,"column":3}}]},"1":{"loc":{"start":{"line":15,"column":2},"end":{"line":17,"column":3}},"type":"if","locations":[{"start":{"line":15,"column":2},"end":{"line":17,"column":3}}]}},"s":{"0":17,"1":17,"2":17,"3":17,"4":17,"5":17,"6":3,"7":3,"8":3,"9":1,"10":2,"11":1,"12":1},"f":{"0":3},"b":{"0":[1],"1":[1]}}
,"C:\\Users\\matdo\\Desktop\\CODICI\\ProgrammingProjects\\SoftwareEngineering\\FIXING_TEST_PART\\geocontrol\\src\\controllers\\gatewayController.ts": {"path":"C:\\Users\\matdo\\Desktop\\CODICI\\ProgrammingProjects\\SoftwareEngineering\\FIXING_TEST_PART\\geocontrol\\src\\controllers\\gatewayController.ts","statementMap":{"0":{"start":{"line":9,"column":0},"end":{"line":9,"column":7}},"1":{"start":{"line":18,"column":0},"end":{"line":18,"column":7}},"2":{"start":{"line":28,"column":0},"end":{"line":28,"column":7}},"3":{"start":{"line":44,"column":0},"end":{"line":44,"column":7}},"4":{"start":{"line":57,"column":0},"end":{"line":57,"column":7}},"5":{"start":{"line":2,"column":0},"end":{"line":2,"column":68}},"6":{"start":{"line":3,"column":0},"end":{"line":3,"column":68}},"7":{"start":{"line":4,"column":0},"end":{"line":4,"column":null}},"8":{"start":{"line":12,"column":22},"end":{"line":12,"column":45}},"9":{"start":{"line":13,"column":2},"end":{"line":15,"column":4}},"10":{"start":{"line":22,"column":22},"end":{"line":22,"column":45}},"11":{"start":{"line":23,"column":2},"end":{"line":25,"column":4}},"12":{"start":{"line":32,"column":22},"end":{"line":32,"column":45}},"13":{"start":{"line":33,"column":22},"end":{"line":33,"column":45}},"14":{"start":{"line":34,"column":18},"end":{"line":34,"column":65}},"15":{"start":{"line":36,"column":2},"end":{"line":41,"column":4}},"16":{"start":{"line":49,"column":22},"end":{"line":49,"column":45}},"17":{"start":{"line":50,"column":2},"end":{"line":54,"column":4}},"18":{"start":{"line":61,"column":22},"end":{"line":61,"column":45}},"19":{"start":{"line":62,"column":2},"end":{"line":62,"column":59}}},"fnMap":{"0":{"name":"getAllGateways","decl":{"start":{"line":9,"column":22},"end":{"line":9,"column":36}},"loc":{"start":{"line":10,"column":21},"end":{"line":16,"column":1}}},"1":{"name":"getGateway","decl":{"start":{"line":18,"column":22},"end":{"line":18,"column":32}},"loc":{"start":{"line":20,"column":20},"end":{"line":26,"column":1}}},"2":{"name":"createGateway","decl":{"start":{"line":28,"column":22},"end":{"line":28,"column":35}},"loc":{"start":{"line":30,"column":21},"end":{"line":42,"column":1}}},"3":{"name":"updateGateway","decl":{"start":{"line":44,"column":22},"end":{"line":44,"column":35}},"loc":{"start":{"line":47,"column":30},"end":{"line":55,"column":1}}},"4":{"name":"deleteGateway","decl":{"start":{"line":57,"column":22},"end":{"line":57,"column":35}},"loc":{"start":{"line":59,"column":20},"end":{"line":63,"column":1}}}},"branchMap":{},"s":{"0":17,"1":17,"2":17,"3":17,"4":17,"5":17,"6":17,"7":17,"8":10,"9":10,"10":15,"11":15,"12":148,"13":148,"14":148,"15":146,"16":12,"17":12,"18":22,"19":22},"f":{"0":10,"1":15,"2":148,"3":12,"4":22},"b":{}}
,"C:\\Users\\matdo\\Desktop\\CODICI\\ProgrammingProjects\\SoftwareEngineering\\FIXING_TEST_PART\\geocontrol\\src\\controllers\\measurementsController.ts": {"path":"C:\\Users\\matdo\\Desktop\\CODICI\\ProgrammingProjects\\SoftwareEngineering\\FIXING_TEST_PART\\geocontrol\\src\\controllers\\measurementsController.ts","statementMap":{"0":{"start":{"line":95,"column":0},"end":{"line":95,"column":7}},"1":{"start":{"line":121,"column":0},"end":{"line":121,"column":7}},"2":{"start":{"line":159,"column":0},"end":{"line":159,"column":7}},"3":{"start":{"line":186,"column":0},"end":{"line":186,"column":7}},"4":{"start":{"line":220,"column":0},"end":{"line":220,"column":7}},"5":{"start":{"line":248,"column":0},"end":{"line":248,"column":7}},"6":{"start":{"line":292,"column":0},"end":{"line":292,"column":7}},"7":{"start":{"line":324,"column":0},"end":{"line":324,"column":7}},"8":{"start":{"line":344,"column":0},"end":{"line":344,"column":7}},"9":{"start":{"line":1,"column":0},"end":{"line":1,"column":78}},"10":{"start":{"line":2,"column":0},"end":{"line":2,"column":66}},"11":{"start":{"line":3,"column":0},"end":{"line":3,"column":65}},"12":{"start":{"line":8,"column":0},"end":{"line":8,"column":68}},"13":{"start":{"line":20,"column":17},"end":{"line":20,"column":49}},"14":{"start":{"line":20,"column":41},"end":{"line":20,"column":48}},"15":{"start":{"line":21,"column":15},"end":{"line":21,"column":64}},"16":{"start":{"line":21,"column":39},"end":{"line":21,"column":44}},"17":{"start":{"line":23,"column":4},"end":{"line":23,"column":73}},"18":{"start":{"line":23,"column":28},"end":{"line":23,"column":53}},"19":{"start":{"line":24,"column":17},"end":{"line":24,"column":36}},"20":{"start":{"line":25,"column":25},"end":{"line":25,"column":42}},"21":{"start":{"line":26,"column":25},"end":{"line":26,"column":42}},"22":{"start":{"line":27,"column":18},"end":{"line":30,"column":5}},"23":{"start":{"line":27,"column":43},"end":{"line":30,"column":4}},"24":{"start":{"line":32,"column":2},"end":{"line":42,"column":4}},"25":{"start":{"line":56,"column":2},"end":{"line":67,"column":6}},"26":{"start":{"line":57,"column":4},"end":{"line":67,"column":6}},"27":{"start":{"line":68,"column":17},"end":{"line":68,"column":49}},"28":{"start":{"line":68,"column":41},"end":{"line":68,"column":48}},"29":{"start":{"line":69,"column":15},"end":{"line":69,"column":64}},"30":{"start":{"line":69,"column":39},"end":{"line":69,"column":44}},"31":{"start":{"line":71,"column":4},"end":{"line":71,"column":73}},"32":{"start":{"line":71,"column":28},"end":{"line":71,"column":53}},"33":{"start":{"line":72,"column":17},"end":{"line":72,"column":36}},"34":{"start":{"line":73,"column":25},"end":{"line":73,"column":42}},"35":{"start":{"line":74,"column":25},"end":{"line":74,"column":42}},"36":{"start":{"line":75,"column":18},"end":{"line":78,"column":5}},"37":{"start":{"line":75,"column":43},"end":{"line":78,"column":4}},"38":{"start":{"line":80,"column":2},"end":{"line":92,"column":4}},"39":{"start":{"line":110,"column":21},"end":{"line":110,"column":43}},"40":{"start":{"line":111,"column":17},"end":{"line":114,"column":null}},"41":{"start":{"line":116,"column":22},"end":{"line":116,"column":65}},"42":{"start":{"line":117,"column":15},"end":{"line":117,"column":43}},"43":{"start":{"line":118,"column":2},"end":{"line":118,"column":58}},"44":{"start":{"line":128,"column":21},"end":{"line":128,"column":43}},"45":{"start":{"line":129,"column":17},"end":{"line":132,"column":null}},"46":{"start":{"line":135,"column":15},"end":{"line":135,"column":43}},"47":{"start":{"line":136,"column":23},"end":{"line":139,"column":null}},"48":{"start":{"line":145,"column":29},"end":{"line":148,"column":null}},"49":{"start":{"line":150,"column":2},"end":{"line":156,"column":4}},"50":{"start":{"line":154,"column":6},"end":{"line":154,"column":56}},"51":{"start":{"line":166,"column":21},"end":{"line":166,"column":43}},"52":{"start":{"line":167,"column":17},"end":{"line":170,"column":null}},"53":{"start":{"line":172,"column":15},"end":{"line":172,"column":43}},"54":{"start":{"line":173,"column":23},"end":{"line":176,"column":null}},"55":{"start":{"line":178,"column":20},"end":{"line":181,"column":null}},"56":{"start":{"line":183,"column":2},"end":{"line":183,"column":15}},"57":{"start":{"line":193,"column":21},"end":{"line":193,"column":43}},"58":{"start":{"line":194,"column":17},"end":{"line":197,"column":null}},"59":{"start":{"line":199,"column":15},"end":{"line":199,"column":43}},"60":{"start":{"line":200,"column":23},"end":{"line":203,"column":null}},"61":{"start":{"line":205,"column":29},"end":{"line":208,"column":null}},"62":{"start":{"line":210,"column":23},"end":{"line":210,"column":57}},"63":{"start":{"line":210,"column":45},"end":{"line":210,"column":56}},"64":{"start":{"line":211,"column":2},"end":{"line":217,"column":4}},"65":{"start":{"line":215,"column":6},"end":{"line":215,"column":56}},"66":{"start":{"line":225,"column":15},"end":{"line":225,"column":43}},"67":{"start":{"line":226,"column":14},"end":{"line":229,"column":null}},"68":{"start":{"line":231,"column":2},"end":{"line":245,"column":5}},"69":{"start":{"line":232,"column":25},"end":{"line":232,"column":70}},"70":{"start":{"line":232,"column":43},"end":{"line":232,"column":69}},"71":{"start":{"line":233,"column":31},"end":{"line":236,"column":null}},"72":{"start":{"line":238,"column":4},"end":{"line":244,"column":6}},"73":{"start":{"line":242,"column":8},"end":{"line":242,"column":63}},"74":{"start":{"line":253,"column":15},"end":{"line":253,"column":43}},"75":{"start":{"line":254,"column":14},"end":{"line":257,"column":null}},"76":{"start":{"line":259,"column":18},"end":{"line":276,"column":4}},"77":{"start":{"line":260,"column":25},"end":{"line":260,"column":70}},"78":{"start":{"line":260,"column":43},"end":{"line":260,"column":69}},"79":{"start":{"line":261,"column":31},"end":{"line":264,"column":null}},"80":{"start":{"line":266,"column":25},"end":{"line":266,"column":59}},"81":{"start":{"line":266,"column":47},"end":{"line":266,"column":58}},"82":{"start":{"line":268,"column":19},"end":{"line":274,"column":6}},"83":{"start":{"line":272,"column":8},"end":{"line":272,"column":63}},"84":{"start":{"line":275,"column":4},"end":{"line":275,"column":18}},"85":{"start":{"line":278,"column":2},"end":{"line":278,"column":17}},"86":{"start":{"line":298,"column":29},"end":{"line":300,"column":3}},"87":{"start":{"line":299,"column":4},"end":{"line":299,"column":58}},"88":{"start":{"line":299,"column":36},"end":{"line":299,"column":56}},"89":{"start":{"line":301,"column":23},"end":{"line":303,"column":3}},"90":{"start":{"line":302,"column":4},"end":{"line":302,"column":59}},"91":{"start":{"line":302,"column":34},"end":{"line":302,"column":57}},"92":{"start":{"line":304,"column":22},"end":{"line":304,"column":45}},"93":{"start":{"line":305,"column":18},"end":{"line":305,"column":65}},"94":{"start":{"line":307,"column":21},"end":{"line":307,"column":43}},"95":{"start":{"line":309,"column":18},"end":{"line":309,"column":74}},"96":{"start":{"line":311,"column":2},"end":{"line":313,"column":53}},"97":{"start":{"line":315,"column":2},"end":{"line":315,"column":49}},"98":{"start":{"line":317,"column":2},"end":{"line":320,"column":3}},"99":{"start":{"line":319,"column":4},"end":{"line":319,"column":31}},"100":{"start":{"line":321,"column":2},"end":{"line":321,"column":67}},"101":{"start":{"line":330,"column":22},"end":{"line":330,"column":45}},"102":{"start":{"line":331,"column":18},"end":{"line":331,"column":65}},"103":{"start":{"line":333,"column":13},"end":{"line":333,"column":23}},"104":{"start":{"line":334,"column":2},"end":{"line":340,"column":3}},"105":{"start":{"line":335,"column":24},"end":{"line":335,"column":46}},"106":{"start":{"line":336,"column":4},"end":{"line":336,"column":69}},"107":{"start":{"line":337,"column":4},"end":{"line":339,"column":33}},"108":{"start":{"line":339,"column":6},"end":{"line":339,"column":33}},"109":{"start":{"line":341,"column":2},"end":{"line":341,"column":57}},"110":{"start":{"line":350,"column":22},"end":{"line":350,"column":45}},"111":{"start":{"line":351,"column":18},"end":{"line":351,"column":65}},"112":{"start":{"line":353,"column":13},"end":{"line":353,"column":23}},"113":{"start":{"line":355,"column":2},"end":{"line":361,"column":3}},"114":{"start":{"line":356,"column":24},"end":{"line":356,"column":46}},"115":{"start":{"line":357,"column":4},"end":{"line":357,"column":69}},"116":{"start":{"line":358,"column":4},"end":{"line":360,"column":33}},"117":{"start":{"line":360,"column":6},"end":{"line":360,"column":33}},"118":{"start":{"line":362,"column":23},"end":{"line":365,"column":null}},"119":{"start":{"line":367,"column":2},"end":{"line":370,"column":6}},"120":{"start":{"line":367,"column":34},"end":{"line":370,"column":4}}},"fnMap":{"0":{"name":"calculateStatsAndFlagOutliers","decl":{"start":{"line":10,"column":9},"end":{"line":10,"column":38}},"loc":{"start":{"line":17,"column":5},"end":{"line":43,"column":1}}},"1":{"name":"(anonymous_1)","decl":{"start":{"line":20,"column":34},"end":{"line":20,"column":35}},"loc":{"start":{"line":20,"column":41},"end":{"line":20,"column":48}}},"2":{"name":"(anonymous_2)","decl":{"start":{"line":21,"column":29},"end":{"line":21,"column":30}},"loc":{"start":{"line":21,"column":39},"end":{"line":21,"column":44}}},"3":{"name":"(anonymous_3)","decl":{"start":{"line":23,"column":18},"end":{"line":23,"column":19}},"loc":{"start":{"line":23,"column":28},"end":{"line":23,"column":53}}},"4":{"name":"(anonymous_4)","decl":{"start":{"line":27,"column":35},"end":{"line":27,"column":36}},"loc":{"start":{"line":27,"column":43},"end":{"line":30,"column":4}}},"5":{"name":"calculateStatsAndFlagOutliersWithId","decl":{"start":{"line":45,"column":9},"end":{"line":45,"column":44}},"loc":{"start":{"line":54,"column":5},"end":{"line":93,"column":1}}},"6":{"name":"(anonymous_6)","decl":{"start":{"line":68,"column":34},"end":{"line":68,"column":35}},"loc":{"start":{"line":68,"column":41},"end":{"line":68,"column":48}}},"7":{"name":"(anonymous_7)","decl":{"start":{"line":69,"column":29},"end":{"line":69,"column":30}},"loc":{"start":{"line":69,"column":39},"end":{"line":69,"column":44}}},"8":{"name":"(anonymous_8)","decl":{"start":{"line":71,"column":18},"end":{"line":71,"column":19}},"loc":{"start":{"line":71,"column":28},"end":{"line":71,"column":53}}},"9":{"name":"(anonymous_9)","decl":{"start":{"line":75,"column":35},"end":{"line":75,"column":36}},"loc":{"start":{"line":75,"column":43},"end":{"line":78,"column":4}}},"10":{"name":"storeMeasurements","decl":{"start":{"line":95,"column":22},"end":{"line":95,"column":39}},"loc":{"start":{"line":104,"column":5},"end":{"line":119,"column":1}}},"11":{"name":"getMeasurements","decl":{"start":{"line":121,"column":22},"end":{"line":121,"column":37}},"loc":{"start":{"line":126,"column":16},"end":{"line":157,"column":1}}},"12":{"name":"(anonymous_12)","decl":{"start":{"line":153,"column":30},"end":{"line":153,"column":31}},"loc":{"start":{"line":154,"column":6},"end":{"line":154,"column":56}}},"13":{"name":"getStats","decl":{"start":{"line":159,"column":22},"end":{"line":159,"column":30}},"loc":{"start":{"line":164,"column":16},"end":{"line":184,"column":1}}},"14":{"name":"getOutliers","decl":{"start":{"line":186,"column":22},"end":{"line":186,"column":33}},"loc":{"start":{"line":191,"column":16},"end":{"line":218,"column":1}}},"15":{"name":"(anonymous_15)","decl":{"start":{"line":210,"column":38},"end":{"line":210,"column":39}},"loc":{"start":{"line":210,"column":45},"end":{"line":210,"column":56}}},"16":{"name":"(anonymous_16)","decl":{"start":{"line":214,"column":35},"end":{"line":214,"column":36}},"loc":{"start":{"line":215,"column":6},"end":{"line":215,"column":56}}},"17":{"name":"getMeasurementsForSensors","decl":{"start":{"line":220,"column":22},"end":{"line":220,"column":47}},"loc":{"start":{"line":223,"column":16},"end":{"line":246,"column":1}}},"18":{"name":"(anonymous_18)","decl":{"start":{"line":231,"column":24},"end":{"line":231,"column":25}},"loc":{"start":{"line":231,"column":32},"end":{"line":245,"column":3}}},"19":{"name":"(anonymous_19)","decl":{"start":{"line":232,"column":36},"end":{"line":232,"column":37}},"loc":{"start":{"line":232,"column":43},"end":{"line":232,"column":69}}},"20":{"name":"(anonymous_20)","decl":{"start":{"line":241,"column":32},"end":{"line":241,"column":33}},"loc":{"start":{"line":242,"column":8},"end":{"line":242,"column":63}}},"21":{"name":"getOutliersForSensors","decl":{"start":{"line":248,"column":22},"end":{"line":248,"column":43}},"loc":{"start":{"line":251,"column":16},"end":{"line":279,"column":1}}},"22":{"name":"(anonymous_22)","decl":{"start":{"line":259,"column":33},"end":{"line":259,"column":34}},"loc":{"start":{"line":259,"column":41},"end":{"line":276,"column":3}}},"23":{"name":"(anonymous_23)","decl":{"start":{"line":260,"column":36},"end":{"line":260,"column":37}},"loc":{"start":{"line":260,"column":43},"end":{"line":260,"column":69}}},"24":{"name":"(anonymous_24)","decl":{"start":{"line":266,"column":40},"end":{"line":266,"column":41}},"loc":{"start":{"line":266,"column":47},"end":{"line":266,"column":58}}},"25":{"name":"(anonymous_25)","decl":{"start":{"line":271,"column":37},"end":{"line":271,"column":38}},"loc":{"start":{"line":272,"column":8},"end":{"line":272,"column":63}}},"26":{"name":"getMeasurementsForNetwork","decl":{"start":{"line":292,"column":22},"end":{"line":292,"column":47}},"loc":{"start":{"line":296,"column":16},"end":{"line":322,"column":1}}},"27":{"name":"(anonymous_27)","decl":{"start":{"line":298,"column":29},"end":{"line":298,"column":30}},"loc":{"start":{"line":298,"column":71},"end":{"line":300,"column":3}}},"28":{"name":"(anonymous_28)","decl":{"start":{"line":299,"column":27},"end":{"line":299,"column":28}},"loc":{"start":{"line":299,"column":36},"end":{"line":299,"column":56}}},"29":{"name":"(anonymous_29)","decl":{"start":{"line":301,"column":23},"end":{"line":301,"column":24}},"loc":{"start":{"line":301,"column":65},"end":{"line":303,"column":3}}},"30":{"name":"(anonymous_30)","decl":{"start":{"line":302,"column":25},"end":{"line":302,"column":26}},"loc":{"start":{"line":302,"column":34},"end":{"line":302,"column":57}}},"31":{"name":"getOutliersForNetwork","decl":{"start":{"line":324,"column":22},"end":{"line":324,"column":43}},"loc":{"start":{"line":328,"column":16},"end":{"line":342,"column":1}}},"32":{"name":"getStatsForNetwork","decl":{"start":{"line":344,"column":22},"end":{"line":344,"column":40}},"loc":{"start":{"line":348,"column":16},"end":{"line":371,"column":1}}},"33":{"name":"(anonymous_33)","decl":{"start":{"line":367,"column":26},"end":{"line":367,"column":27}},"loc":{"start":{"line":367,"column":34},"end":{"line":370,"column":4}}}},"branchMap":{"0":{"loc":{"start":{"line":29,"column":15},"end":{"line":29,"column":67}},"type":"binary-expr","locations":[{"start":{"line":29,"column":15},"end":{"line":29,"column":39}},{"start":{"line":29,"column":43},"end":{"line":29,"column":67}}]},"1":{"loc":{"start":{"line":56,"column":2},"end":{"line":67,"column":6}},"type":"if","locations":[{"start":{"line":56,"column":2},"end":{"line":67,"column":6}}]},"2":{"loc":{"start":{"line":77,"column":15},"end":{"line":77,"column":67}},"type":"binary-expr","locations":[{"start":{"line":77,"column":15},"end":{"line":77,"column":39}},{"start":{"line":77,"column":43},"end":{"line":77,"column":67}}]},"3":{"loc":{"start":{"line":311,"column":2},"end":{"line":313,"column":52}},"type":"cond-expr","locations":[{"start":{"line":312,"column":7},"end":{"line":312,"column":27}},{"start":{"line":313,"column":7},"end":{"line":313,"column":51}}]},"4":{"loc":{"start":{"line":311,"column":2},"end":{"line":311,"column":39}},"type":"binary-expr","locations":[{"start":{"line":311,"column":2},"end":{"line":311,"column":13}},{"start":{"line":311,"column":17},"end":{"line":311,"column":39}}]},"5":{"loc":{"start":{"line":317,"column":2},"end":{"line":320,"column":3}},"type":"if","locations":[{"start":{"line":317,"column":2},"end":{"line":320,"column":3}}]},"6":{"loc":{"start":{"line":317,"column":6},"end":{"line":317,"column":73}},"type":"binary-expr","locations":[{"start":{"line":317,"column":6},"end":{"line":317,"column":46}},{"start":{"line":317,"column":50},"end":{"line":317,"column":73}}]},"7":{"loc":{"start":{"line":334,"column":2},"end":{"line":340,"column":3}},"type":"if","locations":[{"start":{"line":334,"column":2},"end":{"line":340,"column":3}}]},"8":{"loc":{"start":{"line":334,"column":6},"end":{"line":334,"column":32}},"type":"binary-expr","locations":[{"start":{"line":334,"column":6},"end":{"line":334,"column":11}},{"start":{"line":334,"column":15},"end":{"line":334,"column":32}}]},"9":{"loc":{"start":{"line":337,"column":4},"end":{"line":339,"column":33}},"type":"if","locations":[{"start":{"line":337,"column":4},"end":{"line":339,"column":33}}]},"10":{"loc":{"start":{"line":355,"column":2},"end":{"line":361,"column":3}},"type":"if","locations":[{"start":{"line":355,"column":2},"end":{"line":361,"column":3}}]},"11":{"loc":{"start":{"line":358,"column":4},"end":{"line":360,"column":33}},"type":"if","locations":[{"start":{"line":358,"column":4},"end":{"line":360,"column":33}}]}},"s":{"0":17,"1":17,"2":17,"3":17,"4":17,"5":17,"6":17,"7":17,"8":17,"9":17,"10":17,"11":17,"12":17,"13":80,"14":326,"15":80,"16":326,"17":80,"18":326,"19":80,"20":80,"21":80,"22":80,"23":326,"24":80,"25":83,"26":25,"27":58,"28":201,"29":58,"30":201,"31":58,"32":201,"33":58,"34":58,"35":58,"36":58,"37":201,"38":58,"39":83,"40":83,"41":80,"42":80,"43":80,"44":19,"45":19,"46":12,"47":12,"48":12,"49":12,"50":17,"51":17,"52":17,"53":11,"54":11,"55":11,"56":11,"57":15,"58":15,"59":9,"60":9,"61":9,"62":9,"63":44,"64":9,"65":5,"66":28,"67":28,"68":28,"69":38,"70":98,"71":38,"72":38,"73":69,"74":11,"75":11,"76":11,"77":13,"78":66,"79":13,"80":13,"81":57,"82":13,"83":5,"84":13,"85":11,"86":24,"87":22,"88":25,"89":24,"90":22,"91":25,"92":24,"93":24,"94":22,"95":22,"96":22,"97":22,"98":22,"99":3,"100":19,"101":15,"102":15,"103":13,"104":13,"105":12,"106":12,"107":12,"108":3,"109":10,"110":13,"111":13,"112":11,"113":11,"114":11,"115":11,"116":11,"117":3,"118":8,"119":8,"120":11},"f":{"0":80,"1":326,"2":326,"3":326,"4":326,"5":83,"6":201,"7":201,"8":201,"9":201,"10":83,"11":19,"12":17,"13":17,"14":15,"15":44,"16":5,"17":28,"18":38,"19":98,"20":69,"21":11,"22":13,"23":66,"24":57,"25":5,"26":24,"27":22,"28":25,"29":22,"30":25,"31":15,"32":13,"33":11},"b":{"0":[326,301],"1":[25],"2":[201,186],"3":[20,2],"4":[22,2],"5":[3],"6":[22,22],"7":[12],"8":[13,1],"9":[3],"10":[11],"11":[3]}}
,"C:\\Users\\matdo\\Desktop\\CODICI\\ProgrammingProjects\\SoftwareEngineering\\FIXING_TEST_PART\\geocontrol\\src\\controllers\\networkController.ts": {"path":"C:\\Users\\matdo\\Desktop\\CODICI\\ProgrammingProjects\\SoftwareEngineering\\FIXING_TEST_PART\\geocontrol\\src\\controllers\\networkController.ts","statementMap":{"0":{"start":{"line":5,"column":0},"end":{"line":5,"column":7}},"1":{"start":{"line":10,"column":0},"end":{"line":10,"column":7}},"2":{"start":{"line":15,"column":0},"end":{"line":15,"column":7}},"3":{"start":{"line":20,"column":0},"end":{"line":20,"column":7}},"4":{"start":{"line":25,"column":0},"end":{"line":25,"column":7}},"5":{"start":{"line":2,"column":0},"end":{"line":2,"column":68}},"6":{"start":{"line":3,"column":0},"end":{"line":3,"column":81}},"7":{"start":{"line":6,"column":22},"end":{"line":6,"column":45}},"8":{"start":{"line":7,"column":2},"end":{"line":7,"column":70}},"9":{"start":{"line":11,"column":22},"end":{"line":11,"column":45}},"10":{"start":{"line":12,"column":2},"end":{"line":12,"column":70}},"11":{"start":{"line":16,"column":22},"end":{"line":16,"column":45}},"12":{"start":{"line":17,"column":2},"end":{"line":17,"column":92}},"13":{"start":{"line":21,"column":22},"end":{"line":21,"column":45}},"14":{"start":{"line":22,"column":2},"end":{"line":22,"column":69}},"15":{"start":{"line":26,"column":22},"end":{"line":26,"column":45}},"16":{"start":{"line":27,"column":2},"end":{"line":27,"column":40}}},"fnMap":{"0":{"name":"getAllNetworks","decl":{"start":{"line":5,"column":22},"end":{"line":5,"column":36}},"loc":{"start":{"line":5,"column":36},"end":{"line":8,"column":1}}},"1":{"name":"getNetwork","decl":{"start":{"line":10,"column":22},"end":{"line":10,"column":32}},"loc":{"start":{"line":10,"column":45},"end":{"line":13,"column":1}}},"2":{"name":"createNetwork","decl":{"start":{"line":15,"column":22},"end":{"line":15,"column":35}},"loc":{"start":{"line":15,"column":58},"end":{"line":18,"column":1}}},"3":{"name":"updateNetwork","decl":{"start":{"line":20,"column":22},"end":{"line":20,"column":35}},"loc":{"start":{"line":20,"column":78},"end":{"line":23,"column":1}}},"4":{"name":"deleteNetwork","decl":{"start":{"line":25,"column":22},"end":{"line":25,"column":35}},"loc":{"start":{"line":25,"column":48},"end":{"line":28,"column":1}}}},"branchMap":{},"s":{"0":17,"1":17,"2":17,"3":17,"4":17,"5":17,"6":17,"7":8,"8":8,"9":19,"10":19,"11":170,"12":170,"13":10,"14":10,"15":25,"16":25},"f":{"0":8,"1":19,"2":170,"3":10,"4":25},"b":{}}
,"C:\\Users\\matdo\\Desktop\\CODICI\\ProgrammingProjects\\SoftwareEngineering\\FIXING_TEST_PART\\geocontrol\\src\\controllers\\sensorController.ts": {"path":"C:\\Users\\matdo\\Desktop\\CODICI\\ProgrammingProjects\\SoftwareEngineering\\FIXING_TEST_PART\\geocontrol\\src\\controllers\\sensorController.ts","statementMap":{"0":{"start":{"line":6,"column":0},"end":{"line":6,"column":7}},"1":{"start":{"line":18,"column":0},"end":{"line":18,"column":7}},"2":{"start":{"line":31,"column":0},"end":{"line":31,"column":7}},"3":{"start":{"line":50,"column":0},"end":{"line":50,"column":7}},"4":{"start":{"line":65,"column":0},"end":{"line":65,"column":7}},"5":{"start":{"line":2,"column":0},"end":{"line":2,"column":68}},"6":{"start":{"line":3,"column":0},"end":{"line":3,"column":66}},"7":{"start":{"line":4,"column":0},"end":{"line":4,"column":79}},"8":{"start":{"line":10,"column":22},"end":{"line":10,"column":45}},"9":{"start":{"line":11,"column":18},"end":{"line":11,"column":76}},"10":{"start":{"line":12,"column":21},"end":{"line":12,"column":43}},"11":{"start":{"line":13,"column":2},"end":{"line":15,"column":4}},"12":{"start":{"line":23,"column":22},"end":{"line":23,"column":45}},"13":{"start":{"line":24,"column":18},"end":{"line":24,"column":76}},"14":{"start":{"line":25,"column":21},"end":{"line":25,"column":43}},"15":{"start":{"line":26,"column":2},"end":{"line":28,"column":4}},"16":{"start":{"line":36,"column":21},"end":{"line":36,"column":43}},"17":{"start":{"line":37,"column":22},"end":{"line":37,"column":45}},"18":{"start":{"line":39,"column":18},"end":{"line":39,"column":76}},"19":{"start":{"line":41,"column":2},"end":{"line":48,"column":4}},"20":{"start":{"line":56,"column":21},"end":{"line":56,"column":43}},"21":{"start":{"line":57,"column":2},"end":{"line":62,"column":4}},"22":{"start":{"line":70,"column":21},"end":{"line":70,"column":43}},"23":{"start":{"line":72,"column":2},"end":{"line":72,"column":69}}},"fnMap":{"0":{"name":"getAllSensors","decl":{"start":{"line":6,"column":22},"end":{"line":6,"column":35}},"loc":{"start":{"line":8,"column":20},"end":{"line":16,"column":1}}},"1":{"name":"getSensor","decl":{"start":{"line":18,"column":22},"end":{"line":18,"column":31}},"loc":{"start":{"line":21,"column":19},"end":{"line":29,"column":1}}},"2":{"name":"createSensor","decl":{"start":{"line":31,"column":22},"end":{"line":31,"column":34}},"loc":{"start":{"line":34,"column":22},"end":{"line":49,"column":1}}},"3":{"name":"updateSensor","decl":{"start":{"line":50,"column":22},"end":{"line":50,"column":34}},"loc":{"start":{"line":54,"column":35},"end":{"line":63,"column":1}}},"4":{"name":"deleteSensor","decl":{"start":{"line":65,"column":22},"end":{"line":65,"column":34}},"loc":{"start":{"line":68,"column":20},"end":{"line":73,"column":1}}}},"branchMap":{},"s":{"0":17,"1":17,"2":17,"3":17,"4":17,"5":17,"6":17,"7":17,"8":11,"9":11,"10":8,"11":8,"12":17,"13":17,"14":13,"15":13,"16":143,"17":143,"18":143,"19":141,"20":12,"21":12,"22":21,"23":21},"f":{"0":11,"1":17,"2":143,"3":12,"4":21},"b":{}}
,"C:\\Users\\matdo\\Desktop\\CODICI\\ProgrammingProjects\\SoftwareEngineering\\FIXING_TEST_PART\\geocontrol\\src\\controllers\\userController.ts": {"path":"C:\\Users\\matdo\\Desktop\\CODICI\\ProgrammingProjects\\SoftwareEngineering\\FIXING_TEST_PART\\geocontrol\\src\\controllers\\userController.ts","statementMap":{"0":{"start":{"line":5,"column":0},"end":{"line":5,"column":7}},"1":{"start":{"line":10,"column":0},"end":{"line":10,"column":7}},"2":{"start":{"line":15,"column":0},"end":{"line":15,"column":7}},"3":{"start":{"line":20,"column":0},"end":{"line":20,"column":7}},"4":{"start":{"line":2,"column":0},"end":{"line":2,"column":62}},"5":{"start":{"line":3,"column":0},"end":{"line":3,"column":58}},"6":{"start":{"line":6,"column":19},"end":{"line":6,"column":39}},"7":{"start":{"line":7,"column":2},"end":{"line":7,"column":61}},"8":{"start":{"line":11,"column":19},"end":{"line":11,"column":39}},"9":{"start":{"line":12,"column":2},"end":{"line":12,"column":69}},"10":{"start":{"line":16,"column":19},"end":{"line":16,"column":39}},"11":{"start":{"line":17,"column":2},"end":{"line":17,"column":78}},"12":{"start":{"line":21,"column":19},"end":{"line":21,"column":39}},"13":{"start":{"line":22,"column":2},"end":{"line":22,"column":38}}},"fnMap":{"0":{"name":"getAllUsers","decl":{"start":{"line":5,"column":22},"end":{"line":5,"column":33}},"loc":{"start":{"line":5,"column":33},"end":{"line":8,"column":1}}},"1":{"name":"getUser","decl":{"start":{"line":10,"column":22},"end":{"line":10,"column":29}},"loc":{"start":{"line":10,"column":46},"end":{"line":13,"column":1}}},"2":{"name":"createUser","decl":{"start":{"line":15,"column":22},"end":{"line":15,"column":32}},"loc":{"start":{"line":15,"column":49},"end":{"line":18,"column":1}}},"3":{"name":"deleteUser","decl":{"start":{"line":20,"column":22},"end":{"line":20,"column":32}},"loc":{"start":{"line":20,"column":49},"end":{"line":23,"column":1}}}},"branchMap":{},"s":{"0":17,"1":17,"2":17,"3":17,"4":17,"5":17,"6":2,"7":2,"8":5,"9":5,"10":5,"11":5,"12":4,"13":4},"f":{"0":2,"1":5,"2":5,"3":4},"b":{}}
,"C:\\Users\\matdo\\Desktop\\CODICI\\ProgrammingProjects\\SoftwareEngineering\\FIXING_TEST_PART\\geocontrol\\src\\middlewares\\authMiddleware.ts": {"path":"C:\\Users\\matdo\\Desktop\\CODICI\\ProgrammingProjects\\SoftwareEngineering\\FIXING_TEST_PART\\geocontrol\\src\\middlewares\\authMiddleware.ts","statementMap":{"0":{"start":{"line":10,"column":0},"end":{"line":10,"column":16}},"1":{"start":{"line":3,"column":0},"end":{"line":3,"column":53}},"2":{"start":{"line":11,"column":2},"end":{"line":22,"column":4}},"3":{"start":{"line":16,"column":4},"end":{"line":21,"column":5}},"4":{"start":{"line":17,"column":6},"end":{"line":17,"column":66}},"5":{"start":{"line":18,"column":6},"end":{"line":18,"column":13}},"6":{"start":{"line":20,"column":6},"end":{"line":20,"column":18}}},"fnMap":{"0":{"name":"authenticateUser","decl":{"start":{"line":10,"column":16},"end":{"line":10,"column":32}},"loc":{"start":{"line":10,"column":62},"end":{"line":23,"column":1}}},"1":{"name":"(anonymous_1)","decl":{"start":{"line":11,"column":9},"end":{"line":11,"column":14}},"loc":{"start":{"line":15,"column":6},"end":{"line":22,"column":3}}}},"branchMap":{"0":{"loc":{"start":{"line":10,"column":33},"end":{"line":10,"column":62}},"type":"default-arg","locations":[{"start":{"line":10,"column":60},"end":{"line":10,"column":62}}]}},"s":{"0":17,"1":17,"2":419,"3":917,"4":917,"5":860,"6":57},"f":{"0":419,"1":917},"b":{"0":[1]}}
,"C:\\Users\\matdo\\Desktop\\CODICI\\ProgrammingProjects\\SoftwareEngineering\\FIXING_TEST_PART\\geocontrol\\src\\middlewares\\errorMiddleware.ts": {"path":"C:\\Users\\matdo\\Desktop\\CODICI\\ProgrammingProjects\\SoftwareEngineering\\FIXING_TEST_PART\\geocontrol\\src\\middlewares\\errorMiddleware.ts","statementMap":{"0":{"start":{"line":5,"column":0},"end":{"line":5,"column":16}},"1":{"start":{"line":1,"column":0},"end":{"line":1,"column":57}},"2":{"start":{"line":2,"column":0},"end":{"line":2,"column":56}},"3":{"start":{"line":11,"column":29},"end":{"line":11,"column":48}},"4":{"start":{"line":12,"column":2},"end":{"line":12,"column":63}}},"fnMap":{"0":{"name":"errorHandler","decl":{"start":{"line":5,"column":16},"end":{"line":5,"column":28}},"loc":{"start":{"line":9,"column":20},"end":{"line":13,"column":1}}}},"branchMap":{},"s":{"0":16,"1":16,"2":16,"3":228,"4":228},"f":{"0":228},"b":{}}
,"C:\\Users\\matdo\\Desktop\\CODICI\\ProgrammingProjects\\SoftwareEngineering\\FIXING_TEST_PART\\geocontrol\\src\\repositories\\GatewayRepository.ts": {"path":"C:\\Users\\matdo\\Desktop\\CODICI\\ProgrammingProjects\\SoftwareEngineering\\FIXING_TEST_PART\\geocontrol\\src\\repositories\\GatewayRepository.ts","statementMap":{"0":{"start":{"line":1,"column":0},"end":{"line":1,"column":42}},"1":{"start":{"line":3,"column":0},"end":{"line":3,"column":45}},"2":{"start":{"line":4,"column":0},"end":{"line":4,"column":45}},"3":{"start":{"line":5,"column":0},"end":{"line":5,"column":67}},"4":{"start":{"line":6,"column":0},"end":{"line":6,"column":60}},"5":{"start":{"line":12,"column":4},"end":{"line":12,"column":56}},"6":{"start":{"line":16,"column":24},"end":{"line":16,"column":63}},"7":{"start":{"line":18,"column":4},"end":{"line":23,"column":5}},"8":{"start":{"line":19,"column":6},"end":{"line":19,"column":76}},"9":{"start":{"line":21,"column":20},"end":{"line":21,"column":76}},"10":{"start":{"line":22,"column":6},"end":{"line":22,"column":65}},"11":{"start":{"line":24,"column":4},"end":{"line":28,"column":5}},"12":{"start":{"line":25,"column":6},"end":{"line":27,"column":8}},"13":{"start":{"line":29,"column":4},"end":{"line":32,"column":7}},"14":{"start":{"line":39,"column":4},"end":{"line":46,"column":6}},"15":{"start":{"line":44,"column":12},"end":{"line":44,"column":16}},"16":{"start":{"line":55,"column":4},"end":{"line":59,"column":6}},"17":{"start":{"line":57,"column":12},"end":{"line":57,"column":16}},"18":{"start":{"line":61,"column":4},"end":{"line":66,"column":7}},"19":{"start":{"line":75,"column":20},"end":{"line":75,"column":71}},"20":{"start":{"line":78,"column":4},"end":{"line":78,"column":58}},"21":{"start":{"line":79,"column":4},"end":{"line":79,"column":69}},"22":{"start":{"line":80,"column":4},"end":{"line":80,"column":48}},"23":{"start":{"line":82,"column":4},"end":{"line":82,"column":38}},"24":{"start":{"line":83,"column":4},"end":{"line":83,"column":38}},"25":{"start":{"line":85,"column":4},"end":{"line":91,"column":5}},"26":{"start":{"line":86,"column":6},"end":{"line":90,"column":8}},"27":{"start":{"line":88,"column":14},"end":{"line":88,"column":18}},"28":{"start":{"line":93,"column":4},"end":{"line":93,"column":36}},"29":{"start":{"line":95,"column":32},"end":{"line":95,"column":65}},"30":{"start":{"line":97,"column":33},"end":{"line":97,"column":35}},"31":{"start":{"line":98,"column":4},"end":{"line":104,"column":5}},"32":{"start":{"line":99,"column":25},"end":{"line":99,"column":65}},"33":{"start":{"line":100,"column":6},"end":{"line":103,"column":9}},"34":{"start":{"line":105,"column":4},"end":{"line":105,"column":34}},"35":{"start":{"line":107,"column":4},"end":{"line":116,"column":5}},"36":{"start":{"line":108,"column":6},"end":{"line":114,"column":7}},"37":{"start":{"line":109,"column":27},"end":{"line":109,"column":67}},"38":{"start":{"line":110,"column":8},"end":{"line":113,"column":9}},"39":{"start":{"line":111,"column":10},"end":{"line":111,"column":35}},"40":{"start":{"line":112,"column":10},"end":{"line":112,"column":40}},"41":{"start":{"line":115,"column":6},"end":{"line":115,"column":56}},"42":{"start":{"line":117,"column":4},"end":{"line":117,"column":19}},"43":{"start":{"line":121,"column":20},"end":{"line":121,"column":71}},"44":{"start":{"line":122,"column":4},"end":{"line":127,"column":5}},"45":{"start":{"line":123,"column":31},"end":{"line":123,"column":74}},"46":{"start":{"line":124,"column":6},"end":{"line":126,"column":7}},"47":{"start":{"line":125,"column":8},"end":{"line":125,"column":79}},"48":{"start":{"line":128,"column":4},"end":{"line":128,"column":80}},"49":{"start":{"line":8,"column":0},"end":{"line":8,"column":13}}},"fnMap":{"0":{"name":"(anonymous_0)","decl":{"start":{"line":11,"column":2},"end":{"line":11,"column":null}},"loc":{"start":{"line":11,"column":2},"end":{"line":13,"column":3}}},"1":{"name":"(anonymous_1)","decl":{"start":{"line":15,"column":2},"end":{"line":15,"column":7}},"loc":{"start":{"line":15,"column":42},"end":{"line":33,"column":3}}},"2":{"name":"(anonymous_2)","decl":{"start":{"line":35,"column":2},"end":{"line":35,"column":7}},"loc":{"start":{"line":37,"column":22},"end":{"line":47,"column":3}}},"3":{"name":"(anonymous_3)","decl":{"start":{"line":44,"column":6},"end":{"line":44,"column":9}},"loc":{"start":{"line":44,"column":12},"end":{"line":44,"column":16}}},"4":{"name":"(anonymous_4)","decl":{"start":{"line":49,"column":2},"end":{"line":49,"column":7}},"loc":{"start":{"line":53,"column":24},"end":{"line":67,"column":3}}},"5":{"name":"(anonymous_5)","decl":{"start":{"line":57,"column":6},"end":{"line":57,"column":9}},"loc":{"start":{"line":57,"column":12},"end":{"line":57,"column":16}}},"6":{"name":"(anonymous_6)","decl":{"start":{"line":69,"column":2},"end":{"line":69,"column":7}},"loc":{"start":{"line":72,"column":32},"end":{"line":118,"column":3}}},"7":{"name":"(anonymous_7)","decl":{"start":{"line":88,"column":8},"end":{"line":88,"column":11}},"loc":{"start":{"line":88,"column":14},"end":{"line":88,"column":18}}},"8":{"name":"(anonymous_8)","decl":{"start":{"line":120,"column":2},"end":{"line":120,"column":7}},"loc":{"start":{"line":120,"column":61},"end":{"line":129,"column":3}}}},"branchMap":{"0":{"loc":{"start":{"line":18,"column":4},"end":{"line":23,"column":5}},"type":"if","locations":[{"start":{"line":18,"column":4},"end":{"line":23,"column":5}},{"start":{"line":20,"column":11},"end":{"line":23,"column":5}}]},"1":{"loc":{"start":{"line":22,"column":16},"end":{"line":22,"column":64}},"type":"cond-expr","locations":[{"start":{"line":22,"column":44},"end":{"line":22,"column":52}},{"start":{"line":22,"column":55},"end":{"line":22,"column":64}}]},"2":{"loc":{"start":{"line":22,"column":16},"end":{"line":22,"column":41}},"type":"binary-expr","locations":[{"start":{"line":22,"column":16},"end":{"line":22,"column":21}},{"start":{"line":22,"column":25},"end":{"line":22,"column":41}}]},"3":{"loc":{"start":{"line":24,"column":4},"end":{"line":28,"column":5}},"type":"if","locations":[{"start":{"line":24,"column":4},"end":{"line":28,"column":5}}]},"4":{"loc":{"start":{"line":78,"column":25},"end":{"line":78,"column":57}},"type":"binary-expr","locations":[{"start":{"line":78,"column":25},"end":{"line":78,"column":43}},{"start":{"line":78,"column":47},"end":{"line":78,"column":57}}]},"5":{"loc":{"start":{"line":79,"column":26},"end":{"line":79,"column":68}},"type":"binary-expr","locations":[{"start":{"line":79,"column":26},"end":{"line":79,"column":45}},{"start":{"line":79,"column":49},"end":{"line":79,"column":68}}]},"6":{"loc":{"start":{"line":80,"column":19},"end":{"line":80,"column":47}},"type":"binary-expr","locations":[{"start":{"line":80,"column":19},"end":{"line":80,"column":31}},{"start":{"line":80,"column":35},"end":{"line":80,"column":47}}]},"7":{"loc":{"start":{"line":85,"column":4},"end":{"line":91,"column":5}},"type":"if","locations":[{"start":{"line":85,"column":4},"end":{"line":91,"column":5}}]},"8":{"loc":{"start":{"line":98,"column":4},"end":{"line":104,"column":5}},"type":"if","locations":[{"start":{"line":98,"column":4},"end":{"line":104,"column":5}}]},"9":{"loc":{"start":{"line":107,"column":4},"end":{"line":116,"column":5}},"type":"if","locations":[{"start":{"line":107,"column":4},"end":{"line":116,"column":5}}]},"10":{"loc":{"start":{"line":108,"column":6},"end":{"line":114,"column":7}},"type":"if","locations":[{"start":{"line":108,"column":6},"end":{"line":114,"column":7}}]},"11":{"loc":{"start":{"line":122,"column":4},"end":{"line":127,"column":5}},"type":"if","locations":[{"start":{"line":122,"column":4},"end":{"line":127,"column":5}}]},"12":{"loc":{"start":{"line":122,"column":8},"end":{"line":122,"column":68}},"type":"binary-expr","locations":[{"start":{"line":122,"column":8},"end":{"line":122,"column":38}},{"start":{"line":122,"column":42},"end":{"line":122,"column":68}}]}},"s":{"0":28,"1":28,"2":28,"3":28,"4":28,"5":380,"6":16,"7":16,"8":13,"9":3,"10":3,"11":16,"12":4,"13":12,"14":298,"15":269,"16":162,"17":4,"18":158,"19":23,"20":18,"21":18,"22":18,"23":18,"24":18,"25":18,"26":13,"27":3,"28":15,"29":15,"30":15,"31":15,"32":10,"33":10,"34":15,"35":15,"36":10,"37":5,"38":5,"39":7,"40":7,"41":10,"42":15,"43":47,"44":41,"45":14,"46":14,"47":24,"48":41,"49":28},"f":{"0":380,"1":16,"2":298,"3":269,"4":162,"5":4,"6":23,"7":3,"8":47},"b":{"0":[13,3],"1":[2,1],"2":[3,3],"3":[4],"4":[18,4],"5":[18,9],"6":[18,4],"7":[13],"8":[10],"9":[10],"10":[5],"11":[14],"12":[41,40]}}
,"C:\\Users\\matdo\\Desktop\\CODICI\\ProgrammingProjects\\SoftwareEngineering\\FIXING_TEST_PART\\geocontrol\\src\\repositories\\MeasurementsRepository.ts": {"path":"C:\\Users\\matdo\\Desktop\\CODICI\\ProgrammingProjects\\SoftwareEngineering\\FIXING_TEST_PART\\geocontrol\\src\\repositories\\MeasurementsRepository.ts","statementMap":{"0":{"start":{"line":1,"column":0},"end":{"line":1,"column":42}},"1":{"start":{"line":2,"column":0},"end":{"line":2,"column":53}},"2":{"start":{"line":3,"column":0},"end":{"line":3,"column":72}},"3":{"start":{"line":7,"column":17},"end":{"line":7,"column":60}},"4":{"start":{"line":13,"column":21},"end":{"line":14,"column":null}},"5":{"start":{"line":14,"column":6},"end":{"line":14,"column":50}},"6":{"start":{"line":16,"column":4},"end":{"line":16,"column":36}},"7":{"start":{"line":24,"column":21},"end":{"line":24,"column":41}},"8":{"start":{"line":25,"column":4},"end":{"line":31,"column":5}},"9":{"start":{"line":26,"column":6},"end":{"line":26,"column":52}},"10":{"start":{"line":27,"column":11},"end":{"line":31,"column":5}},"11":{"start":{"line":28,"column":6},"end":{"line":28,"column":51}},"12":{"start":{"line":29,"column":11},"end":{"line":31,"column":5}},"13":{"start":{"line":30,"column":6},"end":{"line":30,"column":49}},"14":{"start":{"line":32,"column":4},"end":{"line":32,"column":66}},"15":{"start":{"line":40,"column":21},"end":{"line":40,"column":58}},"16":{"start":{"line":41,"column":4},"end":{"line":47,"column":5}},"17":{"start":{"line":42,"column":6},"end":{"line":42,"column":52}},"18":{"start":{"line":43,"column":11},"end":{"line":47,"column":5}},"19":{"start":{"line":44,"column":6},"end":{"line":44,"column":51}},"20":{"start":{"line":45,"column":11},"end":{"line":47,"column":5}},"21":{"start":{"line":46,"column":6},"end":{"line":46,"column":49}},"22":{"start":{"line":48,"column":4},"end":{"line":48,"column":66}},"23":{"start":{"line":56,"column":21},"end":{"line":56,"column":57}},"24":{"start":{"line":57,"column":4},"end":{"line":63,"column":5}},"25":{"start":{"line":58,"column":6},"end":{"line":58,"column":52}},"26":{"start":{"line":59,"column":11},"end":{"line":63,"column":5}},"27":{"start":{"line":60,"column":6},"end":{"line":60,"column":51}},"28":{"start":{"line":61,"column":11},"end":{"line":63,"column":5}},"29":{"start":{"line":62,"column":6},"end":{"line":62,"column":49}},"30":{"start":{"line":64,"column":4},"end":{"line":67,"column":7}},"31":{"start":{"line":75,"column":21},"end":{"line":75,"column":74}},"32":{"start":{"line":76,"column":4},"end":{"line":82,"column":5}},"33":{"start":{"line":77,"column":6},"end":{"line":77,"column":52}},"34":{"start":{"line":78,"column":11},"end":{"line":82,"column":5}},"35":{"start":{"line":79,"column":6},"end":{"line":79,"column":51}},"36":{"start":{"line":80,"column":11},"end":{"line":82,"column":5}},"37":{"start":{"line":81,"column":6},"end":{"line":81,"column":49}},"38":{"start":{"line":83,"column":4},"end":{"line":86,"column":7}},"39":{"start":{"line":6,"column":0},"end":{"line":6,"column":13}}},"fnMap":{"0":{"name":"(anonymous_0)","decl":{"start":{"line":9,"column":2},"end":{"line":9,"column":7}},"loc":{"start":{"line":11,"column":75},"end":{"line":17,"column":3}}},"1":{"name":"(anonymous_1)","decl":{"start":{"line":13,"column":38},"end":{"line":13,"column":39}},"loc":{"start":{"line":14,"column":6},"end":{"line":14,"column":50}}},"2":{"name":"(anonymous_2)","decl":{"start":{"line":19,"column":2},"end":{"line":19,"column":7}},"loc":{"start":{"line":22,"column":18},"end":{"line":33,"column":3}}},"3":{"name":"(anonymous_3)","decl":{"start":{"line":35,"column":2},"end":{"line":35,"column":7}},"loc":{"start":{"line":38,"column":18},"end":{"line":49,"column":3}}},"4":{"name":"(anonymous_4)","decl":{"start":{"line":51,"column":2},"end":{"line":51,"column":7}},"loc":{"start":{"line":54,"column":18},"end":{"line":68,"column":3}}},"5":{"name":"(anonymous_5)","decl":{"start":{"line":70,"column":2},"end":{"line":70,"column":7}},"loc":{"start":{"line":73,"column":18},"end":{"line":87,"column":3}}}},"branchMap":{"0":{"loc":{"start":{"line":25,"column":4},"end":{"line":31,"column":5}},"type":"if","locations":[{"start":{"line":25,"column":4},"end":{"line":31,"column":5}},{"start":{"line":27,"column":11},"end":{"line":31,"column":5}}]},"1":{"loc":{"start":{"line":25,"column":8},"end":{"line":25,"column":28}},"type":"binary-expr","locations":[{"start":{"line":25,"column":8},"end":{"line":25,"column":17}},{"start":{"line":25,"column":21},"end":{"line":25,"column":28}}]},"2":{"loc":{"start":{"line":27,"column":11},"end":{"line":31,"column":5}},"type":"if","locations":[{"start":{"line":27,"column":11},"end":{"line":31,"column":5}},{"start":{"line":29,"column":11},"end":{"line":31,"column":5}}]},"3":{"loc":{"start":{"line":29,"column":11},"end":{"line":31,"column":5}},"type":"if","locations":[{"start":{"line":29,"column":11},"end":{"line":31,"column":5}}]},"4":{"loc":{"start":{"line":41,"column":4},"end":{"line":47,"column":5}},"type":"if","locations":[{"start":{"line":41,"column":4},"end":{"line":47,"column":5}},{"start":{"line":43,"column":11},"end":{"line":47,"column":5}}]},"5":{"loc":{"start":{"line":41,"column":8},"end":{"line":41,"column":28}},"type":"binary-expr","locations":[{"start":{"line":41,"column":8},"end":{"line":41,"column":17}},{"start":{"line":41,"column":21},"end":{"line":41,"column":28}}]},"6":{"loc":{"start":{"line":43,"column":11},"end":{"line":47,"column":5}},"type":"if","locations":[{"start":{"line":43,"column":11},"end":{"line":47,"column":5}},{"start":{"line":45,"column":11},"end":{"line":47,"column":5}}]},"7":{"loc":{"start":{"line":45,"column":11},"end":{"line":47,"column":5}},"type":"if","locations":[{"start":{"line":45,"column":11},"end":{"line":47,"column":5}}]},"8":{"loc":{"start":{"line":57,"column":4},"end":{"line":63,"column":5}},"type":"if","locations":[{"start":{"line":57,"column":4},"end":{"line":63,"column":5}},{"start":{"line":59,"column":11},"end":{"line":63,"column":5}}]},"9":{"loc":{"start":{"line":57,"column":8},"end":{"line":57,"column":28}},"type":"binary-expr","locations":[{"start":{"line":57,"column":8},"end":{"line":57,"column":17}},{"start":{"line":57,"column":21},"end":{"line":57,"column":28}}]},"10":{"loc":{"start":{"line":59,"column":11},"end":{"line":63,"column":5}},"type":"if","locations":[{"start":{"line":59,"column":11},"end":{"line":63,"column":5}},{"start":{"line":61,"column":11},"end":{"line":63,"column":5}}]},"11":{"loc":{"start":{"line":61,"column":11},"end":{"line":63,"column":5}},"type":"if","locations":[{"start":{"line":61,"column":11},"end":{"line":63,"column":5}}]},"12":{"loc":{"start":{"line":76,"column":4},"end":{"line":82,"column":5}},"type":"if","locations":[{"start":{"line":76,"column":4},"end":{"line":82,"column":5}},{"start":{"line":78,"column":11},"end":{"line":82,"column":5}}]},"13":{"loc":{"start":{"line":76,"column":8},"end":{"line":76,"column":28}},"type":"binary-expr","locations":[{"start":{"line":76,"column":8},"end":{"line":76,"column":17}},{"start":{"line":76,"column":21},"end":{"line":76,"column":28}}]},"14":{"loc":{"start":{"line":78,"column":11},"end":{"line":82,"column":5}},"type":"if","locations":[{"start":{"line":78,"column":11},"end":{"line":82,"column":5}},{"start":{"line":80,"column":11},"end":{"line":82,"column":5}}]},"15":{"loc":{"start":{"line":80,"column":11},"end":{"line":82,"column":5}},"type":"if","locations":[{"start":{"line":80,"column":11},"end":{"line":82,"column":5}}]}},"s":{"0":19,"1":19,"2":19,"3":138,"4":81,"5":328,"6":81,"7":33,"8":33,"9":6,"10":27,"11":2,"12":25,"13":2,"14":33,"15":8,"16":8,"17":2,"18":6,"19":2,"20":4,"21":2,"22":8,"23":40,"24":40,"25":6,"26":34,"27":2,"28":32,"29":2,"30":40,"31":8,"32":8,"33":2,"34":6,"35":2,"36":4,"37":2,"38":8,"39":19},"f":{"0":81,"1":328,"2":33,"3":8,"4":40,"5":8},"b":{"0":[6,27],"1":[33,8],"2":[2,25],"3":[2],"4":[2,6],"5":[8,4],"6":[2,4],"7":[2],"8":[6,34],"9":[40,8],"10":[2,32],"11":[2],"12":[2,6],"13":[8,4],"14":[2,4],"15":[2]}}
,"C:\\Users\\matdo\\Desktop\\CODICI\\ProgrammingProjects\\SoftwareEngineering\\FIXING_TEST_PART\\geocontrol\\src\\repositories\\NetworkRepository.ts": {"path":"C:\\Users\\matdo\\Desktop\\CODICI\\ProgrammingProjects\\SoftwareEngineering\\FIXING_TEST_PART\\geocontrol\\src\\repositories\\NetworkRepository.ts","statementMap":{"0":{"start":{"line":1,"column":0},"end":{"line":1,"column":42}},"1":{"start":{"line":3,"column":0},"end":{"line":3,"column":45}},"2":{"start":{"line":4,"column":0},"end":{"line":4,"column":67}},"3":{"start":{"line":5,"column":0},"end":{"line":5,"column":56}},"4":{"start":{"line":11,"column":4},"end":{"line":11,"column":56}},"5":{"start":{"line":15,"column":4},"end":{"line":15,"column":75}},"6":{"start":{"line":19,"column":4},"end":{"line":26,"column":6}},"7":{"start":{"line":24,"column":12},"end":{"line":24,"column":16}},"8":{"start":{"line":34,"column":4},"end":{"line":38,"column":6}},"9":{"start":{"line":36,"column":12},"end":{"line":36,"column":16}},"10":{"start":{"line":40,"column":4},"end":{"line":44,"column":7}},"11":{"start":{"line":52,"column":20},"end":{"line":52,"column":60}},"12":{"start":{"line":55,"column":4},"end":{"line":55,"column":47}},"13":{"start":{"line":57,"column":4},"end":{"line":57,"column":48}},"14":{"start":{"line":59,"column":4},"end":{"line":59,"column":69}},"15":{"start":{"line":61,"column":4},"end":{"line":61,"column":40}},"16":{"start":{"line":64,"column":4},"end":{"line":71,"column":5}},"17":{"start":{"line":66,"column":6},"end":{"line":70,"column":8}},"18":{"start":{"line":68,"column":14},"end":{"line":68,"column":18}},"19":{"start":{"line":72,"column":4},"end":{"line":72,"column":36}},"20":{"start":{"line":74,"column":26},"end":{"line":74,"column":54}},"21":{"start":{"line":76,"column":34},"end":{"line":76,"column":36}},"22":{"start":{"line":77,"column":4},"end":{"line":83,"column":5}},"23":{"start":{"line":78,"column":26},"end":{"line":78,"column":67}},"24":{"start":{"line":79,"column":6},"end":{"line":82,"column":9}},"25":{"start":{"line":85,"column":4},"end":{"line":85,"column":34}},"26":{"start":{"line":86,"column":4},"end":{"line":95,"column":5}},"27":{"start":{"line":87,"column":6},"end":{"line":93,"column":7}},"28":{"start":{"line":88,"column":28},"end":{"line":88,"column":69}},"29":{"start":{"line":89,"column":8},"end":{"line":92,"column":9}},"30":{"start":{"line":90,"column":10},"end":{"line":90,"column":36}},"31":{"start":{"line":91,"column":10},"end":{"line":91,"column":42}},"32":{"start":{"line":94,"column":6},"end":{"line":94,"column":44}},"33":{"start":{"line":97,"column":4},"end":{"line":97,"column":19}},"34":{"start":{"line":101,"column":20},"end":{"line":101,"column":53}},"35":{"start":{"line":102,"column":4},"end":{"line":107,"column":5}},"36":{"start":{"line":103,"column":26},"end":{"line":103,"column":49}},"37":{"start":{"line":104,"column":6},"end":{"line":106,"column":7}},"38":{"start":{"line":105,"column":8},"end":{"line":105,"column":66}},"39":{"start":{"line":108,"column":4},"end":{"line":108,"column":62}},"40":{"start":{"line":7,"column":0},"end":{"line":7,"column":13}}},"fnMap":{"0":{"name":"(anonymous_0)","decl":{"start":{"line":10,"column":2},"end":{"line":10,"column":null}},"loc":{"start":{"line":10,"column":2},"end":{"line":12,"column":3}}},"1":{"name":"(anonymous_1)","decl":{"start":{"line":14,"column":2},"end":{"line":14,"column":16}},"loc":{"start":{"line":14,"column":16},"end":{"line":16,"column":3}}},"2":{"name":"(anonymous_2)","decl":{"start":{"line":18,"column":2},"end":{"line":18,"column":7}},"loc":{"start":{"line":18,"column":37},"end":{"line":27,"column":3}}},"3":{"name":"(anonymous_3)","decl":{"start":{"line":24,"column":6},"end":{"line":24,"column":9}},"loc":{"start":{"line":24,"column":12},"end":{"line":24,"column":16}}},"4":{"name":"(anonymous_4)","decl":{"start":{"line":29,"column":2},"end":{"line":29,"column":7}},"loc":{"start":{"line":32,"column":24},"end":{"line":45,"column":3}}},"5":{"name":"(anonymous_5)","decl":{"start":{"line":36,"column":6},"end":{"line":36,"column":9}},"loc":{"start":{"line":36,"column":12},"end":{"line":36,"column":16}}},"6":{"name":"(anonymous_6)","decl":{"start":{"line":47,"column":2},"end":{"line":47,"column":7}},"loc":{"start":{"line":49,"column":32},"end":{"line":98,"column":3}}},"7":{"name":"(anonymous_7)","decl":{"start":{"line":68,"column":8},"end":{"line":68,"column":11}},"loc":{"start":{"line":68,"column":14},"end":{"line":68,"column":18}}},"8":{"name":"(anonymous_8)","decl":{"start":{"line":100,"column":2},"end":{"line":100,"column":7}},"loc":{"start":{"line":100,"column":34},"end":{"line":109,"column":3}}}},"branchMap":{"0":{"loc":{"start":{"line":55,"column":19},"end":{"line":55,"column":46}},"type":"binary-expr","locations":[{"start":{"line":55,"column":19},"end":{"line":55,"column":31}},{"start":{"line":55,"column":35},"end":{"line":55,"column":46}}]},"1":{"loc":{"start":{"line":57,"column":19},"end":{"line":57,"column":47}},"type":"binary-expr","locations":[{"start":{"line":57,"column":19},"end":{"line":57,"column":31}},{"start":{"line":57,"column":35},"end":{"line":57,"column":47}}]},"2":{"loc":{"start":{"line":59,"column":26},"end":{"line":59,"column":68}},"type":"binary-expr","locations":[{"start":{"line":59,"column":26},"end":{"line":59,"column":45}},{"start":{"line":59,"column":49},"end":{"line":59,"column":68}}]},"3":{"loc":{"start":{"line":64,"column":4},"end":{"line":71,"column":5}},"type":"if","locations":[{"start":{"line":64,"column":4},"end":{"line":71,"column":5}}]},"4":{"loc":{"start":{"line":77,"column":4},"end":{"line":83,"column":5}},"type":"if","locations":[{"start":{"line":77,"column":4},"end":{"line":83,"column":5}}]},"5":{"loc":{"start":{"line":86,"column":4},"end":{"line":95,"column":5}},"type":"if","locations":[{"start":{"line":86,"column":4},"end":{"line":95,"column":5}}]},"6":{"loc":{"start":{"line":87,"column":6},"end":{"line":93,"column":7}},"type":"if","locations":[{"start":{"line":87,"column":6},"end":{"line":93,"column":7}}]},"7":{"loc":{"start":{"line":102,"column":4},"end":{"line":107,"column":5}},"type":"if","locations":[{"start":{"line":102,"column":4},"end":{"line":107,"column":5}}]},"8":{"loc":{"start":{"line":102,"column":8},"end":{"line":102,"column":70}},"type":"binary-expr","locations":[{"start":{"line":102,"column":8},"end":{"line":102,"column":39}},{"start":{"line":102,"column":43},"end":{"line":102,"column":70}}]}},"s":{"0":24,"1":24,"2":24,"3":24,"4":417,"5":12,"6":300,"7":275,"8":185,"9":4,"10":181,"11":21,"12":17,"13":17,"14":17,"15":17,"16":17,"17":11,"18":3,"19":14,"20":14,"21":14,"22":14,"23":8,"24":8,"25":14,"26":14,"27":8,"28":4,"29":4,"30":7,"31":7,"32":8,"33":14,"34":36,"35":32,"36":8,"37":8,"38":12,"39":32,"40":24},"f":{"0":417,"1":12,"2":300,"3":275,"4":185,"5":4,"6":21,"7":3,"8":36},"b":{"0":[17,4],"1":[17,7],"2":[17,8],"3":[11],"4":[8],"5":[8],"6":[4],"7":[8],"8":[32,31]}}
,"C:\\Users\\matdo\\Desktop\\CODICI\\ProgrammingProjects\\SoftwareEngineering\\FIXING_TEST_PART\\geocontrol\\src\\repositories\\SensorRepository.ts": {"path":"C:\\Users\\matdo\\Desktop\\CODICI\\ProgrammingProjects\\SoftwareEngineering\\FIXING_TEST_PART\\geocontrol\\src\\repositories\\SensorRepository.ts","statementMap":{"0":{"start":{"line":1,"column":0},"end":{"line":1,"column":42}},"1":{"start":{"line":4,"column":0},"end":{"line":4,"column":43}},"2":{"start":{"line":5,"column":0},"end":{"line":5,"column":67}},"3":{"start":{"line":6,"column":0},"end":{"line":6,"column":60}},"4":{"start":{"line":13,"column":4},"end":{"line":13,"column":55}},"5":{"start":{"line":20,"column":20},"end":{"line":32,"column":6}},"6":{"start":{"line":33,"column":4},"end":{"line":33,"column":19}},"7":{"start":{"line":41,"column":4},"end":{"line":58,"column":6}},"8":{"start":{"line":56,"column":12},"end":{"line":56,"column":16}},"9":{"start":{"line":62,"column":20},"end":{"line":76,"column":6}},"10":{"start":{"line":77,"column":4},"end":{"line":77,"column":54}},"11":{"start":{"line":77,"column":35},"end":{"line":77,"column":52}},"12":{"start":{"line":110,"column":4},"end":{"line":118,"column":6}},"13":{"start":{"line":116,"column":12},"end":{"line":116,"column":16}},"14":{"start":{"line":120,"column":4},"end":{"line":127,"column":7}},"15":{"start":{"line":136,"column":19},"end":{"line":136,"column":76}},"16":{"start":{"line":138,"column":4},"end":{"line":138,"column":58}},"17":{"start":{"line":139,"column":4},"end":{"line":139,"column":37}},"18":{"start":{"line":142,"column":4},"end":{"line":142,"column":47}},"19":{"start":{"line":143,"column":4},"end":{"line":143,"column":68}},"20":{"start":{"line":144,"column":4},"end":{"line":144,"column":59}},"21":{"start":{"line":145,"column":4},"end":{"line":145,"column":47}},"22":{"start":{"line":147,"column":4},"end":{"line":153,"column":5}},"23":{"start":{"line":148,"column":6},"end":{"line":152,"column":8}},"24":{"start":{"line":150,"column":14},"end":{"line":150,"column":18}},"25":{"start":{"line":155,"column":4},"end":{"line":155,"column":35}},"26":{"start":{"line":157,"column":32},"end":{"line":157,"column":65}},"27":{"start":{"line":159,"column":38},"end":{"line":159,"column":40}},"28":{"start":{"line":160,"column":4},"end":{"line":167,"column":5}},"29":{"start":{"line":161,"column":31},"end":{"line":161,"column":74}},"30":{"start":{"line":162,"column":6},"end":{"line":166,"column":9}},"31":{"start":{"line":169,"column":4},"end":{"line":169,"column":33}},"32":{"start":{"line":171,"column":4},"end":{"line":180,"column":5}},"33":{"start":{"line":172,"column":6},"end":{"line":178,"column":7}},"34":{"start":{"line":173,"column":33},"end":{"line":173,"column":76}},"35":{"start":{"line":174,"column":8},"end":{"line":177,"column":9}},"36":{"start":{"line":175,"column":10},"end":{"line":175,"column":60}},"37":{"start":{"line":176,"column":10},"end":{"line":176,"column":51}},"38":{"start":{"line":179,"column":6},"end":{"line":179,"column":67}},"39":{"start":{"line":182,"column":4},"end":{"line":182,"column":18}},"40":{"start":{"line":190,"column":19},"end":{"line":190,"column":76}},"41":{"start":{"line":192,"column":29},"end":{"line":192,"column":72}},"42":{"start":{"line":193,"column":33},"end":{"line":197,"column":6}},"43":{"start":{"line":198,"column":4},"end":{"line":200,"column":5}},"44":{"start":{"line":199,"column":6},"end":{"line":199,"column":49}},"45":{"start":{"line":202,"column":4},"end":{"line":204,"column":6}},"46":{"start":{"line":9,"column":0},"end":{"line":9,"column":13}}},"fnMap":{"0":{"name":"(anonymous_0)","decl":{"start":{"line":12,"column":2},"end":{"line":12,"column":null}},"loc":{"start":{"line":12,"column":2},"end":{"line":14,"column":3}}},"1":{"name":"(anonymous_1)","decl":{"start":{"line":16,"column":2},"end":{"line":16,"column":7}},"loc":{"start":{"line":18,"column":22},"end":{"line":34,"column":3}}},"2":{"name":"(anonymous_2)","decl":{"start":{"line":36,"column":2},"end":{"line":36,"column":7}},"loc":{"start":{"line":39,"column":21},"end":{"line":59,"column":3}}},"3":{"name":"(anonymous_3)","decl":{"start":{"line":56,"column":6},"end":{"line":56,"column":9}},"loc":{"start":{"line":56,"column":12},"end":{"line":56,"column":16}}},"4":{"name":"(anonymous_4)","decl":{"start":{"line":61,"column":2},"end":{"line":61,"column":7}},"loc":{"start":{"line":61,"column":54},"end":{"line":78,"column":3}}},"5":{"name":"(anonymous_5)","decl":{"start":{"line":77,"column":23},"end":{"line":77,"column":24}},"loc":{"start":{"line":77,"column":35},"end":{"line":77,"column":52}}},"6":{"name":"(anonymous_6)","decl":{"start":{"line":102,"column":2},"end":{"line":102,"column":7}},"loc":{"start":{"line":108,"column":16},"end":{"line":128,"column":3}}},"7":{"name":"(anonymous_7)","decl":{"start":{"line":116,"column":6},"end":{"line":116,"column":9}},"loc":{"start":{"line":116,"column":12},"end":{"line":116,"column":16}}},"8":{"name":"(anonymous_8)","decl":{"start":{"line":130,"column":2},"end":{"line":130,"column":7}},"loc":{"start":{"line":134,"column":31},"end":{"line":183,"column":3}}},"9":{"name":"(anonymous_9)","decl":{"start":{"line":150,"column":8},"end":{"line":150,"column":11}},"loc":{"start":{"line":150,"column":14},"end":{"line":150,"column":18}}},"10":{"name":"(anonymous_10)","decl":{"start":{"line":185,"column":2},"end":{"line":185,"column":7}},"loc":{"start":{"line":188,"column":22},"end":{"line":205,"column":3}}}},"branchMap":{"0":{"loc":{"start":{"line":138,"column":25},"end":{"line":138,"column":57}},"type":"binary-expr","locations":[{"start":{"line":138,"column":25},"end":{"line":138,"column":43}},{"start":{"line":138,"column":47},"end":{"line":138,"column":57}}]},"1":{"loc":{"start":{"line":142,"column":19},"end":{"line":142,"column":46}},"type":"binary-expr","locations":[{"start":{"line":142,"column":19},"end":{"line":142,"column":31}},{"start":{"line":142,"column":35},"end":{"line":142,"column":46}}]},"2":{"loc":{"start":{"line":143,"column":26},"end":{"line":143,"column":67}},"type":"binary-expr","locations":[{"start":{"line":143,"column":26},"end":{"line":143,"column":45}},{"start":{"line":143,"column":49},"end":{"line":143,"column":67}}]},"3":{"loc":{"start":{"line":144,"column":23},"end":{"line":144,"column":58}},"type":"binary-expr","locations":[{"start":{"line":144,"column":23},"end":{"line":144,"column":39}},{"start":{"line":144,"column":43},"end":{"line":144,"column":58}}]},"4":{"loc":{"start":{"line":145,"column":19},"end":{"line":145,"column":46}},"type":"binary-expr","locations":[{"start":{"line":145,"column":19},"end":{"line":145,"column":31}},{"start":{"line":145,"column":35},"end":{"line":145,"column":46}}]},"5":{"loc":{"start":{"line":147,"column":4},"end":{"line":153,"column":5}},"type":"if","locations":[{"start":{"line":147,"column":4},"end":{"line":153,"column":5}}]},"6":{"loc":{"start":{"line":160,"column":4},"end":{"line":167,"column":5}},"type":"if","locations":[{"start":{"line":160,"column":4},"end":{"line":167,"column":5}}]},"7":{"loc":{"start":{"line":171,"column":4},"end":{"line":180,"column":5}},"type":"if","locations":[{"start":{"line":171,"column":4},"end":{"line":180,"column":5}}]},"8":{"loc":{"start":{"line":172,"column":6},"end":{"line":178,"column":7}},"type":"if","locations":[{"start":{"line":172,"column":6},"end":{"line":178,"column":7}}]}},"s":{"0":22,"1":22,"2":22,"3":22,"4":363,"5":9,"6":9,"7":216,"8":179,"9":37,"10":37,"11":46,"12":154,"13":7,"14":147,"15":18,"16":14,"17":14,"18":14,"19":14,"20":14,"21":14,"22":14,"23":9,"24":3,"25":11,"26":11,"27":11,"28":11,"29":6,"30":6,"31":11,"32":11,"33":6,"34":2,"35":2,"36":3,"37":3,"38":6,"39":11,"40":28,"41":25,"42":25,"43":25,"44":47,"45":25,"46":22},"f":{"0":363,"1":9,"2":216,"3":179,"4":37,"5":46,"6":154,"7":7,"8":18,"9":3,"10":28},"b":{"0":[14,5],"1":[14,5],"2":[14,5],"3":[14,6],"4":[14,6],"5":[9],"6":[6],"7":[6],"8":[2]}}
,"C:\\Users\\matdo\\Desktop\\CODICI\\ProgrammingProjects\\SoftwareEngineering\\FIXING_TEST_PART\\geocontrol\\src\\repositories\\UserRepository.ts": {"path":"C:\\Users\\matdo\\Desktop\\CODICI\\ProgrammingProjects\\SoftwareEngineering\\FIXING_TEST_PART\\geocontrol\\src\\repositories\\UserRepository.ts","statementMap":{"0":{"start":{"line":1,"column":0},"end":{"line":1,"column":42}},"1":{"start":{"line":3,"column":0},"end":{"line":3,"column":39}},"2":{"start":{"line":5,"column":0},"end":{"line":5,"column":67}},"3":{"start":{"line":11,"column":4},"end":{"line":11,"column":53}},"4":{"start":{"line":15,"column":4},"end":{"line":15,"column":28}},"5":{"start":{"line":19,"column":4},"end":{"line":23,"column":6}},"6":{"start":{"line":21,"column":12},"end":{"line":21,"column":16}},"7":{"start":{"line":31,"column":4},"end":{"line":35,"column":6}},"8":{"start":{"line":33,"column":12},"end":{"line":33,"column":16}},"9":{"start":{"line":37,"column":4},"end":{"line":41,"column":7}},"10":{"start":{"line":45,"column":4},"end":{"line":45,"column":67}},"11":{"start":{"line":7,"column":0},"end":{"line":7,"column":13}}},"fnMap":{"0":{"name":"(anonymous_0)","decl":{"start":{"line":10,"column":2},"end":{"line":10,"column":null}},"loc":{"start":{"line":10,"column":2},"end":{"line":12,"column":3}}},"1":{"name":"(anonymous_1)","decl":{"start":{"line":14,"column":2},"end":{"line":14,"column":13}},"loc":{"start":{"line":14,"column":13},"end":{"line":16,"column":3}}},"2":{"name":"(anonymous_2)","decl":{"start":{"line":18,"column":2},"end":{"line":18,"column":7}},"loc":{"start":{"line":18,"column":42},"end":{"line":24,"column":3}}},"3":{"name":"(anonymous_3)","decl":{"start":{"line":21,"column":6},"end":{"line":21,"column":9}},"loc":{"start":{"line":21,"column":12},"end":{"line":21,"column":16}}},"4":{"name":"(anonymous_4)","decl":{"start":{"line":26,"column":2},"end":{"line":26,"column":7}},"loc":{"start":{"line":29,"column":22},"end":{"line":42,"column":3}}},"5":{"name":"(anonymous_5)","decl":{"start":{"line":33,"column":6},"end":{"line":33,"column":9}},"loc":{"start":{"line":33,"column":12},"end":{"line":33,"column":16}}},"6":{"name":"(anonymous_6)","decl":{"start":{"line":44,"column":2},"end":{"line":44,"column":7}},"loc":{"start":{"line":44,"column":35},"end":{"line":46,"column":3}}}},"branchMap":{},"s":{"0":27,"1":27,"2":27,"3":998,"4":2,"5":847,"6":842,"7":451,"8":3,"9":448,"10":5,"11":27},"f":{"0":998,"1":2,"2":847,"3":842,"4":451,"5":3,"6":5},"b":{}}
,"C:\\Users\\matdo\\Desktop\\CODICI\\ProgrammingProjects\\SoftwareEngineering\\FIXING_TEST_PART\\geocontrol\\src\\routes\\authenticationRoutes.ts": {"path":"C:\\Users\\matdo\\Desktop\\CODICI\\ProgrammingProjects\\SoftwareEngineering\\FIXING_TEST_PART\\geocontrol\\src\\routes\\authenticationRoutes.ts","statementMap":{"0":{"start":{"line":1,"column":0},"end":{"line":1,"column":33}},"1":{"start":{"line":2,"column":0},"end":{"line":2,"column":41}},"2":{"start":{"line":3,"column":0},"end":{"line":3,"column":55}},"3":{"start":{"line":5,"column":15},"end":{"line":5,"column":23}},"4":{"start":{"line":8,"column":0},"end":{"line":14,"column":3}},"5":{"start":{"line":9,"column":2},"end":{"line":13,"column":3}},"6":{"start":{"line":10,"column":4},"end":{"line":10,"column":65}},"7":{"start":{"line":12,"column":4},"end":{"line":12,"column":16}},"8":{"start":{"line":16,"column":0},"end":{"line":16,"column":22}}},"fnMap":{"0":{"name":"(anonymous_0)","decl":{"start":{"line":8,"column":16},"end":{"line":8,"column":21}},"loc":{"start":{"line":8,"column":41},"end":{"line":14,"column":1}}}},"branchMap":{},"s":{"0":16,"1":16,"2":16,"3":16,"4":16,"5":2,"6":2,"7":1,"8":16},"f":{"0":2},"b":{}}
,"C:\\Users\\matdo\\Desktop\\CODICI\\ProgrammingProjects\\SoftwareEngineering\\FIXING_TEST_PART\\geocontrol\\src\\routes\\gatewayRoutes.ts": {"path":"C:\\Users\\matdo\\Desktop\\CODICI\\ProgrammingProjects\\SoftwareEngineering\\FIXING_TEST_PART\\geocontrol\\src\\routes\\gatewayRoutes.ts","statementMap":{"0":{"start":{"line":1,"column":0},"end":{"line":1,"column":33}},"1":{"start":{"line":2,"column":0},"end":{"line":2,"column":63}},"2":{"start":{"line":3,"column":0},"end":{"line":3,"column":44}},"3":{"start":{"line":4,"column":0},"end":{"line":4,"column":121}},"4":{"start":{"line":5,"column":0},"end":{"line":5,"column":47}},"5":{"start":{"line":7,"column":15},"end":{"line":7,"column":44}},"6":{"start":{"line":9,"column":0},"end":{"line":21,"column":2}},"7":{"start":{"line":13,"column":4},"end":{"line":19,"column":5}},"8":{"start":{"line":14,"column":26},"end":{"line":14,"column":48}},"9":{"start":{"line":15,"column":23},"end":{"line":15,"column":56}},"10":{"start":{"line":16,"column":6},"end":{"line":16,"column":37}},"11":{"start":{"line":18,"column":6},"end":{"line":18,"column":18}},"12":{"start":{"line":23,"column":0},"end":{"line":36,"column":2}},"13":{"start":{"line":27,"column":4},"end":{"line":34,"column":5}},"14":{"start":{"line":28,"column":26},"end":{"line":28,"column":48}},"15":{"start":{"line":29,"column":25},"end":{"line":29,"column":50}},"16":{"start":{"line":30,"column":6},"end":{"line":30,"column":51}},"17":{"start":{"line":31,"column":6},"end":{"line":31,"column":29}},"18":{"start":{"line":33,"column":6},"end":{"line":33,"column":18}},"19":{"start":{"line":38,"column":0},"end":{"line":51,"column":2}},"20":{"start":{"line":42,"column":4},"end":{"line":49,"column":5}},"21":{"start":{"line":43,"column":26},"end":{"line":43,"column":48}},"22":{"start":{"line":44,"column":25},"end":{"line":44,"column":46}},"23":{"start":{"line":45,"column":22},"end":{"line":45,"column":63}},"24":{"start":{"line":46,"column":6},"end":{"line":46,"column":36}},"25":{"start":{"line":48,"column":6},"end":{"line":48,"column":18}},"26":{"start":{"line":53,"column":0},"end":{"line":67,"column":2}},"27":{"start":{"line":57,"column":4},"end":{"line":65,"column":5}},"28":{"start":{"line":58,"column":26},"end":{"line":58,"column":48}},"29":{"start":{"line":59,"column":25},"end":{"line":59,"column":46}},"30":{"start":{"line":60,"column":22},"end":{"line":60,"column":30}},"31":{"start":{"line":61,"column":6},"end":{"line":61,"column":60}},"32":{"start":{"line":62,"column":6},"end":{"line":62,"column":29}},"33":{"start":{"line":64,"column":6},"end":{"line":64,"column":18}},"34":{"start":{"line":69,"column":0},"end":{"line":82,"column":2}},"35":{"start":{"line":73,"column":4},"end":{"line":80,"column":5}},"36":{"start":{"line":74,"column":26},"end":{"line":74,"column":48}},"37":{"start":{"line":75,"column":25},"end":{"line":75,"column":46}},"38":{"start":{"line":76,"column":6},"end":{"line":76,"column":51}},"39":{"start":{"line":77,"column":6},"end":{"line":77,"column":29}},"40":{"start":{"line":79,"column":6},"end":{"line":79,"column":18}},"41":{"start":{"line":84,"column":0},"end":{"line":84,"column":22}}},"fnMap":{"0":{"name":"(anonymous_0)","decl":{"start":{"line":12,"column":2},"end":{"line":12,"column":7}},"loc":{"start":{"line":12,"column":27},"end":{"line":20,"column":3}}},"1":{"name":"(anonymous_1)","decl":{"start":{"line":26,"column":2},"end":{"line":26,"column":7}},"loc":{"start":{"line":26,"column":27},"end":{"line":35,"column":3}}},"2":{"name":"(anonymous_2)","decl":{"start":{"line":41,"column":2},"end":{"line":41,"column":7}},"loc":{"start":{"line":41,"column":27},"end":{"line":50,"column":3}}},"3":{"name":"(anonymous_3)","decl":{"start":{"line":56,"column":2},"end":{"line":56,"column":7}},"loc":{"start":{"line":56,"column":27},"end":{"line":66,"column":3}}},"4":{"name":"(anonymous_4)","decl":{"start":{"line":72,"column":2},"end":{"line":72,"column":7}},"loc":{"start":{"line":72,"column":27},"end":{"line":81,"column":3}}}},"branchMap":{},"s":{"0":16,"1":16,"2":16,"3":16,"4":16,"5":16,"6":16,"7":10,"8":10,"9":10,"10":8,"11":2,"12":16,"13":148,"14":148,"15":148,"16":148,"17":144,"18":4,"19":16,"20":15,"21":15,"22":15,"23":15,"24":9,"25":6,"26":16,"27":12,"28":12,"29":12,"30":12,"31":12,"32":7,"33":5,"34":16,"35":22,"36":22,"37":22,"38":22,"39":18,"40":4,"41":16},"f":{"0":10,"1":148,"2":15,"3":12,"4":22},"b":{}}
[...]
,"C:\\Users\\matdo\\Desktop\\CODICI\\ProgrammingProjects\\SoftwareEngineering\\FIXING_TEST_PART\\geocontrol\\src\\routes\\sensorRoutes.ts": {"path":"C:\\Users\\matdo\\Desktop\\CODICI\\ProgrammingProjects\\SoftwareEngineering\\FIXING_TEST_PART\\geocontrol\\src\\routes\\sensorRoutes.ts","statementMap":{"0":{"start":{"line":1,"column":0},"end":{"line":1,"column":33}},"1":{"start":{"line":2,"column":0},"end":{"line":2,"column":63}},"2":{"start":{"line":3,"column":0},"end":{"line":3,"column":44}},"3":{"start":{"line":4,"column":0},"end":{"line":4,"column":115}},"4":{"start":{"line":5,"column":0},"end":{"line":5,"column":52}},"5":{"start":{"line":7,"column":15},"end":{"line":7,"column":44}},"6":{"start":{"line":9,"column":0},"end":{"line":23,"column":2}},"7":{"start":{"line":13,"column":4},"end":{"line":21,"column":5}},"8":{"start":{"line":14,"column":6},"end":{"line":18,"column":10}},"9":{"start":{"line":20,"column":6},"end":{"line":20,"column":18}},"10":{"start":{"line":25,"column":0},"end":{"line":40,"column":2}},"11":{"start":{"line":29,"column":4},"end":{"line":38,"column":5}},"12":{"start":{"line":30,"column":6},"end":{"line":34,"column":8}},"13":{"start":{"line":35,"column":6},"end":{"line":35,"column":29}},"14":{"start":{"line":37,"column":6},"end":{"line":37,"column":18}},"15":{"start":{"line":42,"column":0},"end":{"line":60,"column":2}},"16":{"start":{"line":46,"column":4},"end":{"line":58,"column":5}},"17":{"start":{"line":47,"column":6},"end":{"line":55,"column":10}},"18":{"start":{"line":57,"column":6},"end":{"line":57,"column":18}},"19":{"start":{"line":62,"column":0},"end":{"line":78,"column":2}},"20":{"start":{"line":66,"column":4},"end":{"line":76,"column":5}},"21":{"start":{"line":67,"column":6},"end":{"line":72,"column":8}},"22":{"start":{"line":73,"column":6},"end":{"line":73,"column":29}},"23":{"start":{"line":75,"column":6},"end":{"line":75,"column":18}},"24":{"start":{"line":80,"column":0},"end":{"line":95,"column":2}},"25":{"start":{"line":84,"column":4},"end":{"line":93,"column":5}},"26":{"start":{"line":85,"column":6},"end":{"line":89,"column":8}},"27":{"start":{"line":90,"column":6},"end":{"line":90,"column":29}},"28":{"start":{"line":92,"column":6},"end":{"line":92,"column":18}},"29":{"start":{"line":97,"column":0},"end":{"line":97,"column":22}}},"fnMap":{"0":{"name":"(anonymous_0)","decl":{"start":{"line":12,"column":2},"end":{"line":12,"column":7}},"loc":{"start":{"line":12,"column":27},"end":{"line":22,"column":3}}},"1":{"name":"(anonymous_1)","decl":{"start":{"line":28,"column":2},"end":{"line":28,"column":7}},"loc":{"start":{"line":28,"column":27},"end":{"line":39,"column":3}}},"2":{"name":"(anonymous_2)","decl":{"start":{"line":45,"column":2},"end":{"line":45,"column":7}},"loc":{"start":{"line":45,"column":27},"end":{"line":59,"column":3}}},"3":{"name":"(anonymous_3)","decl":{"start":{"line":65,"column":2},"end":{"line":65,"column":7}},"loc":{"start":{"line":65,"column":27},"end":{"line":77,"column":3}}},"4":{"name":"(anonymous_4)","decl":{"start":{"line":83,"column":2},"end":{"line":83,"column":7}},"loc":{"start":{"line":83,"column":27},"end":{"line":94,"column":3}}}},"branchMap":{},"s":{"0":16,"1":16,"2":16,"3":16,"4":16,"5":16,"6":16,"7":12,"8":12,"9":4,"10":16,"11":144,"12":144,"13":136,"14":8,"15":16,"16":18,"17":18,"18":9,"19":16,"20":13,"21":13,"22":7,"23":6,"24":16,"25":22,"26":22,"27":18,"28":4,"29":16},"f":{"0":12,"1":144,"2":18,"3":13,"4":22},"b":{}}
,"C:\\Users\\matdo\\Desktop\\CODICI\\ProgrammingProjects\\SoftwareEngineering\\FIXING_TEST_PART\\geocontrol\\src\\routes\\userRoutes.ts": {"path":"C:\\Users\\matdo\\Desktop\\CODICI\\ProgrammingProjects\\SoftwareEngineering\\FIXING_TEST_PART\\geocontrol\\src\\routes\\userRoutes.ts","statementMap":{"0":{"start":{"line":1,"column":0},"end":{"line":1,"column":33}},"1":{"start":{"line":2,"column":0},"end":{"line":2,"column":63}},"2":{"start":{"line":3,"column":0},"end":{"line":3,"column":44}},"3":{"start":{"line":4,"column":0},"end":{"line":4,"column":null}},"4":{"start":{"line":10,"column":0},"end":{"line":10,"column":41}},"5":{"start":{"line":12,"column":15},"end":{"line":12,"column":23}},"6":{"start":{"line":14,"column":0},"end":{"line":20,"column":3}},"7":{"start":{"line":15,"column":2},"end":{"line":19,"column":3}},"8":{"start":{"line":16,"column":4},"end":{"line":16,"column":46}},"9":{"start":{"line":18,"column":4},"end":{"line":18,"column":16}},"10":{"start":{"line":22,"column":0},"end":{"line":33,"column":2}},"11":{"start":{"line":26,"column":4},"end":{"line":31,"column":5}},"12":{"start":{"line":27,"column":6},"end":{"line":27,"column":47}},"13":{"start":{"line":28,"column":6},"end":{"line":28,"column":29}},"14":{"start":{"line":30,"column":6},"end":{"line":30,"column":18}},"15":{"start":{"line":35,"column":0},"end":{"line":45,"column":2}},"16":{"start":{"line":39,"column":4},"end":{"line":43,"column":5}},"17":{"start":{"line":40,"column":6},"end":{"line":40,"column":63}},"18":{"start":{"line":42,"column":6},"end":{"line":42,"column":18}},"19":{"start":{"line":47,"column":0},"end":{"line":58,"column":2}},"20":{"start":{"line":51,"column":4},"end":{"line":56,"column":5}},"21":{"start":{"line":52,"column":6},"end":{"line":52,"column":44}},"22":{"start":{"line":53,"column":6},"end":{"line":53,"column":29}},"23":{"start":{"line":55,"column":6},"end":{"line":55,"column":18}},"24":{"start":{"line":60,"column":0},"end":{"line":60,"column":22}}},"fnMap":{"0":{"name":"(anonymous_0)","decl":{"start":{"line":14,"column":51},"end":{"line":14,"column":56}},"loc":{"start":{"line":14,"column":76},"end":{"line":20,"column":1}}},"1":{"name":"(anonymous_1)","decl":{"start":{"line":25,"column":2},"end":{"line":25,"column":7}},"loc":{"start":{"line":25,"column":27},"end":{"line":32,"column":3}}},"2":{"name":"(anonymous_2)","decl":{"start":{"line":38,"column":2},"end":{"line":38,"column":7}},"loc":{"start":{"line":38,"column":27},"end":{"line":44,"column":3}}},"3":{"name":"(anonymous_3)","decl":{"start":{"line":50,"column":2},"end":{"line":50,"column":7}},"loc":{"start":{"line":50,"column":27},"end":{"line":57,"column":3}}}},"branchMap":{},"s":{"0":16,"1":16,"2":16,"3":16,"4":16,"5":16,"6":16,"7":4,"8":4,"9":1,"10":16,"11":6,"12":6,"13":5,"14":1,"15":16,"16":4,"17":4,"18":2,"19":16,"20":6,"21":6,"22":4,"23":2,"24":16},"f":{"0":4,"1":6,"2":4,"3":6},"b":{}}
,"C:\\Users\\matdo\\Desktop\\CODICI\\ProgrammingProjects\\SoftwareEngineering\\FIXING_TEST_PART\\geocontrol\\src\\services\\authService.ts": {"path":"C:\\Users\\matdo\\Desktop\\CODICI\\ProgrammingProjects\\SoftwareEngineering\\FIXING_TEST_PART\\geocontrol\\src\\services\\authService.ts","statementMap":{"0":{"start":{"line":11,"column":0},"end":{"line":11,"column":16}},"1":{"start":{"line":15,"column":0},"end":{"line":15,"column":7}},"2":{"start":{"line":1,"column":0},"end":{"line":1,"column":31}},"3":{"start":{"line":2,"column":0},"end":{"line":2,"column":53}},"4":{"start":{"line":5,"column":0},"end":{"line":5,"column":62}},"5":{"start":{"line":7,"column":0},"end":{"line":7,"column":47}},"6":{"start":{"line":8,"column":0},"end":{"line":8,"column":81}},"7":{"start":{"line":9,"column":0},"end":{"line":9,"column":69}},"8":{"start":{"line":12,"column":2},"end":{"line":12,"column":67}},"9":{"start":{"line":19,"column":24},"end":{"line":19,"column":47}},"10":{"start":{"line":20,"column":19},"end":{"line":20,"column":39}},"11":{"start":{"line":22,"column":2},"end":{"line":28,"column":3}},"12":{"start":{"line":23,"column":4},"end":{"line":23,"column":62}},"13":{"start":{"line":25,"column":4},"end":{"line":27,"column":6}},"14":{"start":{"line":30,"column":2},"end":{"line":32,"column":3}},"15":{"start":{"line":31,"column":4},"end":{"line":31,"column":72}},"16":{"start":{"line":36,"column":2},"end":{"line":42,"column":3}},"17":{"start":{"line":37,"column":4},"end":{"line":37,"column":77}},"18":{"start":{"line":39,"column":4},"end":{"line":41,"column":64}},"19":{"start":{"line":46,"column":2},"end":{"line":48,"column":3}},"20":{"start":{"line":47,"column":4},"end":{"line":47,"column":67}},"21":{"start":{"line":50,"column":16},"end":{"line":50,"column":37}},"22":{"start":{"line":51,"column":2},"end":{"line":53,"column":3}},"23":{"start":{"line":52,"column":4},"end":{"line":52,"column":70}},"24":{"start":{"line":55,"column":2},"end":{"line":55,"column":18}}},"fnMap":{"0":{"name":"generateToken","decl":{"start":{"line":11,"column":16},"end":{"line":11,"column":29}},"loc":{"start":{"line":11,"column":43},"end":{"line":13,"column":1}}},"1":{"name":"processToken","decl":{"start":{"line":15,"column":22},"end":{"line":15,"column":34}},"loc":{"start":{"line":17,"column":31},"end":{"line":33,"column":1}}},"2":{"name":"verifyToken","decl":{"start":{"line":35,"column":9},"end":{"line":35,"column":20}},"loc":{"start":{"line":35,"column":40},"end":{"line":43,"column":1}}},"3":{"name":"extractBearerToken","decl":{"start":{"line":45,"column":9},"end":{"line":45,"column":27}},"loc":{"start":{"line":45,"column":47},"end":{"line":56,"column":1}}}},"branchMap":{"0":{"loc":{"start":{"line":17,"column":2},"end":{"line":17,"column":31}},"type":"default-arg","locations":[{"start":{"line":17,"column":29},"end":{"line":17,"column":31}}]},"1":{"loc":{"start":{"line":30,"column":2},"end":{"line":32,"column":3}},"type":"if","locations":[{"start":{"line":30,"column":2},"end":{"line":32,"column":3}}]},"2":{"loc":{"start":{"line":30,"column":6},"end":{"line":30,"column":69}},"type":"binary-expr","locations":[{"start":{"line":30,"column":6},"end":{"line":30,"column":29}},{"start":{"line":30,"column":33},"end":{"line":30,"column":69}}]},"3":{"loc":{"start":{"line":39,"column":10},"end":{"line":41,"column":63}},"type":"cond-expr","locations":[{"start":{"line":40,"column":8},"end":{"line":40,"column":13}},{"start":{"line":41,"column":8},"end":{"line":41,"column":63}}]},"4":{"loc":{"start":{"line":46,"column":2},"end":{"line":48,"column":3}},"type":"if","locations":[{"start":{"line":46,"column":2},"end":{"line":48,"column":3}}]},"5":{"loc":{"start":{"line":51,"column":2},"end":{"line":53,"column":3}},"type":"if","locations":[{"start":{"line":51,"column":2},"end":{"line":53,"column":3}}]},"6":{"loc":{"start":{"line":51,"column":6},"end":{"line":51,"column":49}},"type":"binary-expr","locations":[{"start":{"line":51,"column":6},"end":{"line":51,"column":24}},{"start":{"line":51,"column":28},"end":{"line":51,"column":49}}]}},"s":{"0":18,"1":18,"2":18,"3":18,"4":18,"5":18,"6":18,"7":18,"8":419,"9":863,"10":836,"11":836,"12":836,"13":1,"14":835,"15":25,"16":863,"17":863,"18":27,"19":863,"20":1,"21":862,"22":862,"23":9,"24":853},"f":{"0":419,"1":863,"2":863,"3":863},"b":{"0":[6],"1":[25],"2":[835,835],"3":[10,17],"4":[1],"5":[9],"6":[862,854]}}
,"C:\\Users\\matdo\\Desktop\\CODICI\\ProgrammingProjects\\SoftwareEngineering\\FIXING_TEST_PART\\geocontrol\\src\\services\\errorService.ts": {"path":"C:\\Users\\matdo\\Desktop\\CODICI\\ProgrammingProjects\\SoftwareEngineering\\FIXING_TEST_PART\\geocontrol\\src\\services\\errorService.ts","statementMap":{"0":{"start":{"line":6,"column":0},"end":{"line":6,"column":16}},"1":{"start":{"line":2,"column":0},"end":{"line":2,"column":44}},"2":{"start":{"line":3,"column":0},"end":{"line":3,"column":52}},"3":{"start":{"line":4,"column":0},"end":{"line":4,"column":57}},"4":{"start":{"line":7,"column":29},"end":{"line":10,"column":null}},"5":{"start":{"line":13,"column":2},"end":{"line":13,"column":16}},"6":{"start":{"line":14,"column":2},"end":{"line":16,"column":4}},"7":{"start":{"line":18,"column":2},"end":{"line":23,"column":3}},"8":{"start":{"line":22,"column":4},"end":{"line":22,"column":67}},"9":{"start":{"line":25,"column":2},"end":{"line":25,"column":20}}},"fnMap":{"0":{"name":"createAppError","decl":{"start":{"line":6,"column":16},"end":{"line":6,"column":30}},"loc":{"start":{"line":6,"column":39},"end":{"line":26,"column":1}}}},"branchMap":{"0":{"loc":{"start":{"line":9,"column":4},"end":{"line":9,"column":43}},"type":"binary-expr","locations":[{"start":{"line":9,"column":4},"end":{"line":9,"column":16}},{"start":{"line":9,"column":20},"end":{"line":9,"column":43}}]},"1":{"loc":{"start":{"line":15,"column":44},"end":{"line":15,"column":83}},"type":"binary-expr","locations":[{"start":{"line":15,"column":44},"end":{"line":15,"column":54}},{"start":{"line":15,"column":58},"end":{"line":15,"column":83}}]},"2":{"loc":{"start":{"line":18,"column":2},"end":{"line":23,"column":3}},"type":"if","locations":[{"start":{"line":18,"column":2},"end":{"line":23,"column":3}}]},"3":{"loc":{"start":{"line":19,"column":4},"end":{"line":20,"column":50}},"type":"binary-expr","locations":[{"start":{"line":19,"column":4},"end":{"line":19,"column":27}},{"start":{"line":20,"column":5},"end":{"line":20,"column":15}},{"start":{"line":20,"column":19},"end":{"line":20,"column":49}}]}},"s":{"0":17,"1":17,"2":17,"3":17,"4":232,"5":232,"6":232,"7":232,"8":211,"9":232},"f":{"0":232},"b":{"0":[232,1],"1":[232,1],"2":[211],"3":[232,82,61]}}
,"C:\\Users\\matdo\\Desktop\\CODICI\\ProgrammingProjects\\SoftwareEngineering\\FIXING_TEST_PART\\geocontrol\\src\\services\\mapperService.ts": {"path":"C:\\Users\\matdo\\Desktop\\CODICI\\ProgrammingProjects\\SoftwareEngineering\\FIXING_TEST_PART\\geocontrol\\src\\services\\mapperService.ts","statementMap":{"0":{"start":{"line":19,"column":0},"end":{"line":19,"column":16}},"1":{"start":{"line":23,"column":0},"end":{"line":23,"column":16}},"2":{"start":{"line":27,"column":0},"end":{"line":27,"column":16}},"3":{"start":{"line":31,"column":0},"end":{"line":31,"column":16}},"4":{"start":{"line":35,"column":0},"end":{"line":35,"column":16}},"5":{"start":{"line":40,"column":0},"end":{"line":40,"column":16}},"6":{"start":{"line":49,"column":0},"end":{"line":49,"column":16}},"7":{"start":{"line":59,"column":0},"end":{"line":59,"column":16}},"8":{"start":{"line":70,"column":0},"end":{"line":70,"column":16}},"9":{"start":{"line":81,"column":0},"end":{"line":81,"column":16}},"10":{"start":{"line":91,"column":0},"end":{"line":91,"column":16}},"11":{"start":{"line":101,"column":0},"end":{"line":101,"column":16}},"12":{"start":{"line":111,"column":0},"end":{"line":111,"column":16}},"13":{"start":{"line":121,"column":0},"end":{"line":121,"column":16}},"14":{"start":{"line":129,"column":0},"end":{"line":129,"column":16}},"15":{"start":{"line":137,"column":0},"end":{"line":137,"column":16}},"16":{"start":{"line":20,"column":2},"end":{"line":20,"column":65}},"17":{"start":{"line":24,"column":2},"end":{"line":24,"column":51}},"18":{"start":{"line":28,"column":2},"end":{"line":28,"column":69}},"19":{"start":{"line":32,"column":2},"end":{"line":32,"column":55}},"20":{"start":{"line":37,"column":2},"end":{"line":37,"column":81}},"21":{"start":{"line":41,"column":2},"end":{"line":46,"column":4}},"22":{"start":{"line":50,"column":2},"end":{"line":56,"column":4}},"23":{"start":{"line":60,"column":2},"end":{"line":67,"column":4}},"24":{"start":{"line":71,"column":2},"end":{"line":78,"column":4}},"25":{"start":{"line":72,"column":43},"end":{"line":77,"column":6}},"26":{"start":{"line":82,"column":2},"end":{"line":88,"column":19}},"27":{"start":{"line":92,"column":2},"end":{"line":98,"column":4}},"28":{"start":{"line":102,"column":2},"end":{"line":108,"column":18}},"29":{"start":{"line":112,"column":2},"end":{"line":118,"column":4}},"30":{"start":{"line":122,"column":2},"end":{"line":126,"column":23}},"31":{"start":{"line":130,"column":2},"end":{"line":134,"column":4}},"32":{"start":{"line":138,"column":2},"end":{"line":145,"column":18}},"33":{"start":{"line":141,"column":8},"end":{"line":143,"column":51}}},"fnMap":{"0":{"name":"createErrorDTO","decl":{"start":{"line":19,"column":16},"end":{"line":19,"column":30}},"loc":{"start":{"line":19,"column":76},"end":{"line":21,"column":1}}},"1":{"name":"createTokenDTO","decl":{"start":{"line":23,"column":16},"end":{"line":23,"column":30}},"loc":{"start":{"line":23,"column":44},"end":{"line":25,"column":1}}},"2":{"name":"createUserDTO","decl":{"start":{"line":27,"column":16},"end":{"line":27,"column":29}},"loc":{"start":{"line":27,"column":81},"end":{"line":29,"column":1}}},"3":{"name":"mapUserDAOToDTO","decl":{"start":{"line":31,"column":16},"end":{"line":31,"column":31}},"loc":{"start":{"line":31,"column":48},"end":{"line":33,"column":1}}},"4":{"name":"createNetworkDTO","decl":{"start":{"line":35,"column":16},"end":{"line":35,"column":32}},"loc":{"start":{"line":36,"column":51},"end":{"line":38,"column":1}}},"5":{"name":"mapNetworkDTOToDAO","decl":{"start":{"line":40,"column":16},"end":{"line":40,"column":34}},"loc":{"start":{"line":40,"column":59},"end":{"line":47,"column":1}}},"6":{"name":"mapGatewayDTOToDAO","decl":{"start":{"line":49,"column":16},"end":{"line":49,"column":34}},"loc":{"start":{"line":49,"column":59},"end":{"line":57,"column":1}}},"7":{"name":"mapSensorDTOToDAO","decl":{"start":{"line":59,"column":16},"end":{"line":59,"column":33}},"loc":{"start":{"line":59,"column":57},"end":{"line":68,"column":1}}},"8":{"name":"mapNetworkDAOToDTO","decl":{"start":{"line":70,"column":16},"end":{"line":70,"column":34}},"loc":{"start":{"line":70,"column":57},"end":{"line":79,"column":1}}},"9":{"name":"(anonymous_9)","decl":{"start":{"line":72,"column":29},"end":{"line":72,"column":30}},"loc":{"start":{"line":72,"column":43},"end":{"line":77,"column":6}}},"10":{"name":"createGatewayDTO","decl":{"start":{"line":81,"column":16},"end":{"line":81,"column":32}},"loc":{"start":{"line":81,"column":132},"end":{"line":89,"column":1}}},"11":{"name":"mapGatewayDAOToDTO","decl":{"start":{"line":91,"column":16},"end":{"line":91,"column":34}},"loc":{"start":{"line":91,"column":57},"end":{"line":99,"column":1}}},"12":{"name":"createSensorDTO","decl":{"start":{"line":101,"column":16},"end":{"line":101,"column":31}},"loc":{"start":{"line":101,"column":117},"end":{"line":109,"column":1}}},"13":{"name":"mapSensorDAOToDTO","decl":{"start":{"line":111,"column":16},"end":{"line":111,"column":33}},"loc":{"start":{"line":111,"column":54},"end":{"line":119,"column":1}}},"14":{"name":"createMeasurementDTO","decl":{"start":{"line":121,"column":16},"end":{"line":121,"column":36}},"loc":{"start":{"line":121,"column":88},"end":{"line":127,"column":1}}},"15":{"name":"mapMeasurementDAOToDTO","decl":{"start":{"line":129,"column":16},"end":{"line":129,"column":38}},"loc":{"start":{"line":129,"column":66},"end":{"line":135,"column":1}}},"16":{"name":"removeNullAttributes","decl":{"start":{"line":137,"column":16},"end":{"line":137,"column":36}},"loc":{"start":{"line":137,"column":46},"end":{"line":146,"column":1}}},"17":{"name":"(anonymous_17)","decl":{"start":{"line":140,"column":6},"end":{"line":140,"column":7}},"loc":{"start":{"line":141,"column":8},"end":{"line":143,"column":51}}}},"branchMap":{"0":{"loc":{"start":{"line":141,"column":8},"end":{"line":143,"column":51}},"type":"binary-expr","locations":[{"start":{"line":141,"column":8},"end":{"line":141,"column":22}},{"start":{"line":142,"column":8},"end":{"line":142,"column":27}},{"start":{"line":143,"column":9},"end":{"line":143,"column":30}},{"start":{"line":143,"column":34},"end":{"line":143,"column":50}}]}},"s":{"0":24,"1":24,"2":24,"3":24,"4":24,"5":24,"6":24,"7":24,"8":24,"9":24,"10":24,"11":24,"12":24,"13":24,"14":24,"15":24,"16":440,"17":2,"18":13,"19":10,"20":21,"21":9,"22":11,"23":11,"24":21,"25":13,"26":15,"27":15,"28":29,"29":29,"30":85,"31":85,"32":606,"33":1924},"f":{"0":440,"1":2,"2":13,"3":10,"4":21,"5":9,"6":11,"7":11,"8":21,"9":13,"10":15,"11":15,"12":29,"13":29,"14":85,"15":85,"16":606,"17":1924},"b":{"0":[1924,1922,1909,37]}}
}
