TN:
SF:src\app.ts
FNF:0
FNH:0
DA:1,16
DA:2,16
DA:3,16
DA:4,16
DA:5,16
DA:6,16
DA:7,16
DA:8,16
DA:9,16
DA:10,16
DA:11,16
DA:12,16
DA:13,16
DA:15,16
DA:17,16
DA:18,16
DA:20,16
DA:27,16
DA:35,16
DA:36,16
DA:37,16
DA:38,16
DA:39,16
DA:40,16
DA:43,16
LF:25
LH:25
BRF:0
BRH:0
end_of_record
TN:
SF:src\utils.ts
FN:5,findOrThrowNotFound
FN:17,throwConflictIfFound
FN:27,parseISODateParamToUTC
FN:34,parseStringArrayParam
FN:37,(anonymous_4)
FN:40,(anonymous_5)
FN:41,(anonymous_6)
FN:47,(anonymous_7)
FN:48,(anonymous_8)
FNF:9
FNH:9
FNDA:1661,findOrThrowNotFound
FNDA:985,throwConflictIfFound
FNDA:205,parseISODateParamToUTC
FNDA:55,parseStringArrayParam
FNDA:9,(anonymous_4)
FNDA:9,(anonymous_5)
FNDA:9,(anonymous_6)
FNDA:3,(anonymous_7)
FNDA:3,(anonymous_8)
DA:1,45
DA:2,45
DA:3,45
DA:5,45
DA:10,1661
DA:11,1661
DA:12,96
DA:14,1565
DA:17,45
DA:22,985
DA:23,27
DA:27,45
DA:28,205
DA:30,18
DA:31,18
DA:34,45
DA:35,55
DA:36,3
DA:37,9
DA:40,9
DA:41,9
DA:44,52
DA:45,2
DA:47,3
DA:48,3
DA:51,50
LF:26
LH:26
BRDA:11,0,0,96
BRDA:22,1,0,27
BRDA:28,2,0,187
BRDA:31,3,0,17
BRDA:31,3,1,1
BRDA:35,4,0,3
BRDA:37,5,0,7
BRDA:37,5,1,2
BRDA:44,6,0,2
BRF:9
BRH:9
end_of_record
TN:
SF:src\controllers\authController.ts
FN:9,getToken
FNF:1
FNH:1
FNDA:3,getToken
DA:2,17
DA:4,17
DA:5,17
DA:6,17
DA:7,17
DA:9,17
DA:10,3
DA:11,3
DA:12,3
DA:13,1
DA:15,2
DA:16,1
DA:18,1
LF:13
LH:13
BRDA:12,0,0,1
BRDA:15,1,0,1
BRF:2
BRH:2
end_of_record
TN:
SF:src\controllers\gatewayController.ts
FN:9,getAllGateways
FN:18,getGateway
FN:28,createGateway
FN:44,updateGateway
FN:57,deleteGateway
FNF:5
FNH:5
FNDA:10,getAllGateways
FNDA:15,getGateway
FNDA:148,createGateway
FNDA:12,updateGateway
FNDA:22,deleteGateway
DA:2,17
DA:3,17
DA:4,17
DA:9,17
DA:12,10
DA:13,10
DA:18,17
DA:22,15
DA:23,15
DA:28,17
DA:32,148
DA:33,148
DA:34,148
DA:36,146
DA:44,17
DA:49,12
DA:50,12
DA:57,17
DA:61,22
DA:62,22
LF:20
LH:20
BRF:0
BRH:0
end_of_record
TN:
SF:src\controllers\measurementsController.ts
FN:10,calculateStatsAndFlagOutliers
FN:20,(anonymous_1)
FN:21,(anonymous_2)
FN:23,(anonymous_3)
FN:27,(anonymous_4)
FN:45,calculateStatsAndFlagOutliersWithId
FN:68,(anonymous_6)
FN:69,(anonymous_7)
FN:71,(anonymous_8)
FN:75,(anonymous_9)
FN:95,storeMeasurements
FN:121,getMeasurements
FN:153,(anonymous_12)
FN:159,getStats
FN:186,getOutliers
FN:210,(anonymous_15)
FN:214,(anonymous_16)
FN:220,getMeasurementsForSensors
FN:231,(anonymous_18)
FN:232,(anonymous_19)
FN:241,(anonymous_20)
FN:248,getOutliersForSensors
FN:259,(anonymous_22)
FN:260,(anonymous_23)
FN:266,(anonymous_24)
FN:271,(anonymous_25)
FN:292,getMeasurementsForNetwork
FN:298,(anonymous_27)
FN:299,(anonymous_28)
FN:301,(anonymous_29)
FN:302,(anonymous_30)
FN:324,getOutliersForNetwork
FN:344,getStatsForNetwork
FN:367,(anonymous_33)
FNF:34
FNH:34
FNDA:80,calculateStatsAndFlagOutliers
FNDA:326,(anonymous_1)
FNDA:326,(anonymous_2)
FNDA:326,(anonymous_3)
FNDA:326,(anonymous_4)
FNDA:83,calculateStatsAndFlagOutliersWithId
FNDA:201,(anonymous_6)
FNDA:201,(anonymous_7)
FNDA:201,(anonymous_8)
FNDA:201,(anonymous_9)
FNDA:83,storeMeasurements
FNDA:19,getMeasurements
FNDA:17,(anonymous_12)
FNDA:17,getStats
FNDA:15,getOutliers
FNDA:44,(anonymous_15)
FNDA:5,(anonymous_16)
FNDA:28,getMeasurementsForSensors
FNDA:38,(anonymous_18)
FNDA:98,(anonymous_19)
FNDA:69,(anonymous_20)
FNDA:11,getOutliersForSensors
FNDA:13,(anonymous_22)
FNDA:66,(anonymous_23)
FNDA:57,(anonymous_24)
FNDA:5,(anonymous_25)
FNDA:24,getMeasurementsForNetwork
FNDA:22,(anonymous_27)
FNDA:25,(anonymous_28)
FNDA:22,(anonymous_29)
FNDA:25,(anonymous_30)
FNDA:15,getOutliersForNetwork
FNDA:13,getStatsForNetwork
FNDA:11,(anonymous_33)
DA:1,17
DA:2,17
DA:3,17
DA:8,17
DA:20,326
DA:21,326
DA:23,326
DA:24,80
DA:25,80
DA:26,80
DA:27,326
DA:32,80
DA:56,83
DA:57,25
DA:68,201
DA:69,201
DA:71,201
DA:72,58
DA:73,58
DA:74,58
DA:75,201
DA:80,58
DA:95,17
DA:110,83
DA:111,83
DA:116,80
DA:117,80
DA:118,80
DA:121,17
DA:128,19
DA:129,19
DA:135,12
DA:136,12
DA:145,12
DA:150,12
DA:154,17
DA:159,17
DA:166,17
DA:167,17
DA:172,11
DA:173,11
DA:178,11
DA:183,11
DA:186,17
DA:193,15
DA:194,15
DA:199,9
DA:200,9
DA:205,9
DA:210,44
DA:211,9
DA:215,5
DA:220,17
DA:225,28
DA:226,28
DA:231,28
DA:232,98
DA:233,38
DA:238,38
DA:242,69
DA:248,17
DA:253,11
DA:254,11
DA:259,11
DA:260,66
DA:261,13
DA:266,57
DA:268,13
DA:272,5
DA:275,13
DA:278,11
DA:292,17
DA:298,24
DA:299,25
DA:301,24
DA:302,25
DA:304,24
DA:305,24
DA:307,22
DA:309,22
DA:311,22
DA:315,22
DA:317,22
DA:319,3
DA:321,19
DA:324,17
DA:330,15
DA:331,15
DA:333,13
DA:334,13
DA:335,12
DA:336,12
DA:337,12
DA:339,3
DA:341,10
DA:344,17
DA:350,13
DA:351,13
DA:353,11
DA:355,11
DA:356,11
DA:357,11
DA:358,11
DA:360,3
DA:362,8
DA:367,11
LF:106
LH:106
BRDA:29,0,0,326
BRDA:29,0,1,301
BRDA:56,1,0,25
BRDA:77,2,0,201
BRDA:77,2,1,186
BRDA:311,3,0,20
BRDA:311,3,1,2
BRDA:311,4,0,22
BRDA:311,4,1,2
BRDA:317,5,0,3
BRDA:317,6,0,22
BRDA:317,6,1,22
BRDA:334,7,0,12
BRDA:334,8,0,13
BRDA:334,8,1,1
BRDA:337,9,0,3
BRDA:355,10,0,11
BRDA:358,11,0,3
BRF:18
BRH:18
end_of_record
TN:
SF:src\controllers\networkController.ts
FN:5,getAllNetworks
FN:10,getNetwork
FN:15,createNetwork
FN:20,updateNetwork
FN:25,deleteNetwork
FNF:5
FNH:5
FNDA:8,getAllNetworks
FNDA:19,getNetwork
FNDA:170,createNetwork
FNDA:10,updateNetwork
FNDA:25,deleteNetwork
DA:2,17
DA:3,17
DA:5,17
DA:6,8
DA:7,8
DA:10,17
DA:11,19
DA:12,19
DA:15,17
DA:16,170
DA:17,170
DA:20,17
DA:21,10
DA:22,10
DA:25,17
DA:26,25
DA:27,25
LF:17
LH:17
BRF:0
BRH:0
end_of_record
TN:
SF:src\controllers\sensorController.ts
FN:6,getAllSensors
FN:18,getSensor
FN:31,createSensor
FN:50,updateSensor
FN:65,deleteSensor
FNF:5
FNH:5
FNDA:11,getAllSensors
FNDA:17,getSensor
FNDA:143,createSensor
FNDA:12,updateSensor
FNDA:21,deleteSensor
DA:2,17
DA:3,17
DA:4,17
DA:6,17
DA:10,11
DA:11,11
DA:12,8
DA:13,8
DA:18,17
DA:23,17
DA:24,17
DA:25,13
DA:26,13
DA:31,17
DA:36,143
DA:37,143
DA:39,143
DA:41,141
DA:50,17
DA:56,12
DA:57,12
DA:65,17
DA:70,21
DA:72,21
LF:24
LH:24
BRF:0
BRH:0
end_of_record
TN:
SF:src\controllers\userController.ts
FN:5,getAllUsers
FN:10,getUser
FN:15,createUser
FN:20,deleteUser
FNF:4
FNH:4
FNDA:2,getAllUsers
FNDA:5,getUser
FNDA:5,createUser
FNDA:4,deleteUser
DA:2,17
DA:3,17
DA:5,17
DA:6,2
DA:7,2
DA:10,17
DA:11,5
DA:12,5
DA:15,17
DA:16,5
DA:17,5
DA:20,17
DA:21,4
DA:22,4
LF:14
LH:14
BRF:0
BRH:0
end_of_record
TN:
SF:src\middlewares\authMiddleware.ts
FN:10,authenticateUser
FN:11,(anonymous_1)
FNF:2
FNH:2
FNDA:419,authenticateUser
FNDA:917,(anonymous_1)
DA:3,17
DA:10,17
DA:11,419
DA:16,917
DA:17,917
DA:18,860
DA:20,57
LF:7
LH:7
BRDA:10,0,0,1
BRF:1
BRH:1
end_of_record
TN:
SF:src\middlewares\errorMiddleware.ts
FN:5,errorHandler
FNF:1
FNH:1
FNDA:228,errorHandler
DA:1,16
DA:2,16
DA:5,16
DA:11,228
DA:12,228
LF:5
LH:5
BRF:0
BRH:0
end_of_record
TN:
SF:src\repositories\GatewayRepository.ts
FN:11,(anonymous_0)
FN:15,(anonymous_1)
FN:35,(anonymous_2)
FN:44,(anonymous_3)
FN:49,(anonymous_4)
FN:57,(anonymous_5)
FN:69,(anonymous_6)
FN:88,(anonymous_7)
FN:120,(anonymous_8)
FNF:9
FNH:9
FNDA:380,(anonymous_0)
FNDA:16,(anonymous_1)
FNDA:298,(anonymous_2)
FNDA:269,(anonymous_3)
FNDA:162,(anonymous_4)
FNDA:4,(anonymous_5)
FNDA:23,(anonymous_6)
FNDA:3,(anonymous_7)
FNDA:47,(anonymous_8)
DA:1,28
DA:3,28
DA:4,28
DA:5,28
DA:6,28
DA:8,28
DA:12,380
DA:16,16
DA:18,16
DA:19,13
DA:21,3
DA:22,3
DA:24,16
DA:25,4
DA:29,12
DA:39,298
DA:44,269
DA:55,162
DA:57,4
DA:61,158
DA:75,23
DA:78,18
DA:79,18
DA:80,18
DA:82,18
DA:83,18
DA:85,18
DA:86,13
DA:88,3
DA:93,15
DA:95,15
DA:97,15
DA:98,15
DA:99,10
DA:100,10
DA:105,15
DA:107,15
DA:108,10
DA:109,5
DA:110,5
DA:111,7
DA:112,7
DA:115,10
DA:117,15
DA:121,47
DA:122,41
DA:123,14
DA:124,14
DA:125,24
DA:128,41
LF:50
LH:50
BRDA:18,0,0,13
BRDA:18,0,1,3
BRDA:22,1,0,2
BRDA:22,1,1,1
BRDA:22,2,0,3
BRDA:22,2,1,3
BRDA:24,3,0,4
BRDA:78,4,0,18
BRDA:78,4,1,4
BRDA:79,5,0,18
BRDA:79,5,1,9
BRDA:80,6,0,18
BRDA:80,6,1,4
BRDA:85,7,0,13
BRDA:98,8,0,10
BRDA:107,9,0,10
BRDA:108,10,0,5
BRDA:122,11,0,14
BRDA:122,12,0,41
BRDA:122,12,1,40
BRF:20
BRH:20
end_of_record
TN:
SF:src\repositories\MeasurementsRepository.ts
FN:9,(anonymous_0)
FN:13,(anonymous_1)
FN:19,(anonymous_2)
FN:35,(anonymous_3)
FN:51,(anonymous_4)
FN:70,(anonymous_5)
FNF:6
FNH:6
FNDA:81,(anonymous_0)
FNDA:328,(anonymous_1)
FNDA:33,(anonymous_2)
FNDA:8,(anonymous_3)
FNDA:40,(anonymous_4)
FNDA:8,(anonymous_5)
DA:1,19
DA:2,19
DA:3,19
DA:6,19
DA:7,138
DA:13,81
DA:14,328
DA:16,81
DA:24,33
DA:25,33
DA:26,6
DA:27,27
DA:28,2
DA:29,25
DA:30,2
DA:32,33
DA:40,8
DA:41,8
DA:42,2
DA:43,6
DA:44,2
DA:45,4
DA:46,2
DA:48,8
DA:56,40
DA:57,40
DA:58,6
DA:59,34
DA:60,2
DA:61,32
DA:62,2
DA:64,40
DA:75,8
DA:76,8
DA:77,2
DA:78,6
DA:79,2
DA:80,4
DA:81,2
DA:83,8
LF:40
LH:40
BRDA:25,0,0,6
BRDA:25,0,1,27
BRDA:25,1,0,33
BRDA:25,1,1,8
BRDA:27,2,0,2
BRDA:27,2,1,25
BRDA:29,3,0,2
BRDA:41,4,0,2
BRDA:41,4,1,6
BRDA:41,5,0,8
BRDA:41,5,1,4
BRDA:43,6,0,2
BRDA:43,6,1,4
BRDA:45,7,0,2
BRDA:57,8,0,6
BRDA:57,8,1,34
BRDA:57,9,0,40
BRDA:57,9,1,8
BRDA:59,10,0,2
BRDA:59,10,1,32
BRDA:61,11,0,2
BRDA:76,12,0,2
BRDA:76,12,1,6
BRDA:76,13,0,8
BRDA:76,13,1,4
BRDA:78,14,0,2
BRDA:78,14,1,4
BRDA:80,15,0,2
BRF:28
BRH:28
end_of_record
TN:
SF:src\repositories\NetworkRepository.ts
FN:10,(anonymous_0)
FN:14,(anonymous_1)
FN:18,(anonymous_2)
FN:24,(anonymous_3)
FN:29,(anonymous_4)
FN:36,(anonymous_5)
FN:47,(anonymous_6)
FN:68,(anonymous_7)
FN:100,(anonymous_8)
FNF:9
FNH:9
FNDA:417,(anonymous_0)
FNDA:12,(anonymous_1)
FNDA:300,(anonymous_2)
FNDA:275,(anonymous_3)
FNDA:185,(anonymous_4)
FNDA:4,(anonymous_5)
FNDA:21,(anonymous_6)
FNDA:3,(anonymous_7)
FNDA:36,(anonymous_8)
DA:1,24
DA:3,24
DA:4,24
DA:5,24
DA:7,24
DA:11,417
DA:15,12
DA:19,300
DA:24,275
DA:34,185
DA:36,4
DA:40,181
DA:52,21
DA:55,17
DA:57,17
DA:59,17
DA:61,17
DA:64,17
DA:66,11
DA:68,3
DA:72,14
DA:74,14
DA:76,14
DA:77,14
DA:78,8
DA:79,8
DA:85,14
DA:86,14
DA:87,8
DA:88,4
DA:89,4
DA:90,7
DA:91,7
DA:94,8
DA:97,14
DA:101,36
DA:102,32
DA:103,8
DA:104,8
DA:105,12
DA:108,32
LF:41
LH:41
BRDA:55,0,0,17
BRDA:55,0,1,4
BRDA:57,1,0,17
BRDA:57,1,1,7
BRDA:59,2,0,17
BRDA:59,2,1,8
BRDA:64,3,0,11
BRDA:77,4,0,8
BRDA:86,5,0,8
BRDA:87,6,0,4
BRDA:102,7,0,8
BRDA:102,8,0,32
BRDA:102,8,1,31
BRF:13
BRH:13
end_of_record
TN:
SF:src\repositories\SensorRepository.ts
FN:12,(anonymous_0)
FN:16,(anonymous_1)
FN:36,(anonymous_2)
FN:56,(anonymous_3)
FN:61,(anonymous_4)
FN:77,(anonymous_5)
FN:102,(anonymous_6)
FN:116,(anonymous_7)
FN:130,(anonymous_8)
FN:150,(anonymous_9)
FN:185,(anonymous_10)
FNF:11
FNH:11
FNDA:363,(anonymous_0)
FNDA:9,(anonymous_1)
FNDA:216,(anonymous_2)
FNDA:179,(anonymous_3)
FNDA:37,(anonymous_4)
FNDA:46,(anonymous_5)
FNDA:154,(anonymous_6)
FNDA:7,(anonymous_7)
FNDA:18,(anonymous_8)
FNDA:3,(anonymous_9)
FNDA:28,(anonymous_10)
DA:1,22
DA:4,22
DA:5,22
DA:6,22
DA:9,22
DA:13,363
DA:20,9
DA:33,9
DA:41,216
DA:56,179
DA:62,37
DA:77,46
DA:110,154
DA:116,7
DA:120,147
DA:136,18
DA:138,14
DA:139,14
DA:142,14
DA:143,14
DA:144,14
DA:145,14
DA:147,14
DA:148,9
DA:150,3
DA:155,11
DA:157,11
DA:159,11
DA:160,11
DA:161,6
DA:162,6
DA:169,11
DA:171,11
DA:172,6
DA:173,2
DA:174,2
DA:175,3
DA:176,3
DA:179,6
DA:182,11
DA:190,28
DA:192,25
DA:193,25
DA:198,25
DA:199,47
DA:202,25
LF:46
LH:46
BRDA:138,0,0,14
BRDA:138,0,1,5
BRDA:142,1,0,14
BRDA:142,1,1,5
BRDA:143,2,0,14
BRDA:143,2,1,5
BRDA:144,3,0,14
BRDA:144,3,1,6
BRDA:145,4,0,14
BRDA:145,4,1,6
BRDA:147,5,0,9
BRDA:160,6,0,6
BRDA:171,7,0,6
BRDA:172,8,0,2
BRF:14
BRH:14
end_of_record
TN:
SF:src\repositories\UserRepository.ts
FN:10,(anonymous_0)
FN:14,(anonymous_1)
FN:18,(anonymous_2)
FN:21,(anonymous_3)
FN:26,(anonymous_4)
FN:33,(anonymous_5)
FN:44,(anonymous_6)
FNF:7
FNH:7
FNDA:998,(anonymous_0)
FNDA:2,(anonymous_1)
FNDA:847,(anonymous_2)
FNDA:842,(anonymous_3)
FNDA:451,(anonymous_4)
FNDA:3,(anonymous_5)
FNDA:5,(anonymous_6)
DA:1,27
DA:3,27
DA:5,27
DA:7,27
DA:11,998
DA:15,2
DA:19,847
DA:21,842
DA:31,451
DA:33,3
DA:37,448
DA:45,5
LF:12
LH:12
BRF:0
BRH:0
end_of_record
TN:
SF:src\routes\authenticationRoutes.ts
FN:8,(anonymous_0)
FNF:1
FNH:1
FNDA:2,(anonymous_0)
DA:1,16
DA:2,16
DA:3,16
DA:5,16
DA:8,16
DA:9,2
DA:10,2
DA:12,1
DA:16,16
LF:9
LH:9
BRF:0
BRH:0
end_of_record
TN:
SF:src\routes\gatewayRoutes.ts
FN:12,(anonymous_0)
FN:26,(anonymous_1)
FN:41,(anonymous_2)
FN:56,(anonymous_3)
FN:72,(anonymous_4)
FNF:5
FNH:5
FNDA:10,(anonymous_0)
FNDA:148,(anonymous_1)
FNDA:15,(anonymous_2)
FNDA:12,(anonymous_3)
FNDA:22,(anonymous_4)
DA:1,16
DA:2,16
DA:3,16
DA:4,16
DA:5,16
DA:7,16
DA:9,16
DA:13,10
DA:14,10
DA:15,10
DA:16,8
DA:18,2
DA:23,16
DA:27,148
DA:28,148
DA:29,148
DA:30,148
DA:31,144
DA:33,4
DA:38,16
DA:42,15
DA:43,15
DA:44,15
DA:45,15
DA:46,9
DA:48,6
DA:53,16
DA:57,12
DA:58,12
DA:59,12
DA:60,12
DA:61,12
DA:62,7
DA:64,5
DA:69,16
DA:73,22
DA:74,22
DA:75,22
DA:76,22
DA:77,18
DA:79,4
DA:84,16
LF:42
LH:42
BRF:0
BRH:0
end_of_record
TN:
SF:src\routes\measurementRoutes.ts
FN:20,(anonymous_0)
FN:34,(anonymous_1)
FN:49,(anonymous_2)
FN:64,(anonymous_3)
FN:86,(anonymous_4)
FN:99,(anonymous_5)
FN:114,(anonymous_6)
FN:127,(anonymous_7)
FN:130,(anonymous_8)
FN:148,(anonymous_9)
FN:170,(anonymous_10)
FN:183,(anonymous_11)
FN:186,(anonymous_12)
FNF:13
FNH:13
FNDA:84,(anonymous_0)
FNDA:20,(anonymous_1)
FNDA:16,(anonymous_2)
FNDA:15,(anonymous_3)
FNDA:16,(anonymous_4)
FNDA:6,(anonymous_5)
FNDA:24,(anonymous_6)
FNDA:26,(anonymous_7)
FNDA:50,(anonymous_8)
FNDA:12,(anonymous_9)
FNDA:14,(anonymous_10)
FNDA:11,(anonymous_11)
FNDA:7,(anonymous_12)
DA:1,16
DA:2,16
DA:11,16
DA:12,16
DA:13,16
DA:15,16
DA:17,16
DA:21,84
DA:22,84
DA:23,84
DA:24,80
DA:26,4
DA:31,16
DA:35,20
DA:36,20
DA:38,20
DA:39,20
DA:41,20
DA:48,12
DA:49,16
DA:54,12
DA:56,8
DA:61,16
DA:65,15
DA:66,15
DA:67,15
DA:68,15
DA:69,15
DA:76,8
DA:78,7
DA:83,16
DA:87,16
DA:88,16
DA:89,16
DA:90,16
DA:91,16
DA:98,9
DA:99,9
DA:104,9
DA:106,7
DA:111,16
DA:115,24
DA:116,24
DA:117,24
DA:118,24
DA:119,24
DA:120,24
DA:126,21
DA:127,21
DA:128,26
DA:129,26
DA:130,50
DA:138,21
DA:140,3
DA:145,16
DA:149,12
DA:150,12
DA:151,12
DA:152,12
DA:153,12
DA:154,12
DA:160,9
DA:162,3
DA:167,16
DA:171,14
DA:172,14
DA:173,14
DA:174,14
DA:175,14
DA:176,14
DA:182,11
DA:183,11
DA:184,11
DA:185,11
DA:186,7
DA:194,11
DA:196,3
DA:201,16
LF:78
LH:78
BRDA:48,0,0,12
BRDA:48,1,0,12
BRDA:48,1,1,12
BRDA:51,2,0,15
BRDA:51,2,1,1
BRDA:98,3,0,9
BRDA:98,4,0,9
BRDA:98,4,1,9
BRDA:101,5,0,5
BRDA:101,5,1,1
BRDA:126,6,0,21
BRDA:128,7,0,26
BRDA:132,8,0,48
BRDA:132,8,1,2
BRDA:182,9,0,11
BRDA:184,10,0,11
BRDA:188,11,0,6
BRDA:188,11,1,1
BRF:18
BRH:18
end_of_record
TN:
SF:src\routes\networkRoutes.ts
FN:12,(anonymous_0)
FN:24,(anonymous_1)
FN:37,(anonymous_2)
FN:49,(anonymous_3)
FN:62,(anonymous_4)
FNF:5
FNH:5
FNDA:9,(anonymous_0)
FNDA:171,(anonymous_1)
FNDA:20,(anonymous_2)
FNDA:11,(anonymous_3)
FNDA:26,(anonymous_4)
DA:1,16
DA:2,16
DA:3,16
DA:4,16
DA:5,16
DA:7,16
DA:9,16
DA:13,9
DA:14,9
DA:16,1
DA:21,16
DA:25,171
DA:26,171
DA:27,168
DA:29,3
DA:34,16
DA:38,20
DA:39,20
DA:41,7
DA:46,16
DA:50,11
DA:51,11
DA:52,7
DA:54,4
DA:59,16
DA:63,26
DA:64,26
DA:65,23
DA:67,3
DA:72,16
LF:30
LH:30
BRF:0
BRH:0
end_of_record
TN:
SF:src\routes\sensorRoutes.ts
FN:12,(anonymous_0)
FN:28,(anonymous_1)
FN:45,(anonymous_2)
FN:65,(anonymous_3)
FN:83,(anonymous_4)
FNF:5
FNH:5
FNDA:12,(anonymous_0)
FNDA:144,(anonymous_1)
FNDA:18,(anonymous_2)
FNDA:13,(anonymous_3)
FNDA:22,(anonymous_4)
DA:1,16
DA:2,16
DA:3,16
DA:4,16
DA:5,16
DA:7,16
DA:9,16
DA:13,12
DA:14,12
DA:20,4
DA:25,16
DA:29,144
DA:30,144
DA:35,136
DA:37,8
DA:42,16
DA:46,18
DA:47,18
DA:57,9
DA:62,16
DA:66,13
DA:67,13
DA:73,7
DA:75,6
DA:80,16
DA:84,22
DA:85,22
DA:90,18
DA:92,4
DA:97,16
LF:30
LH:30
BRF:0
BRH:0
end_of_record
TN:
SF:src\routes\userRoutes.ts
FN:14,(anonymous_0)
FN:25,(anonymous_1)
FN:38,(anonymous_2)
FN:50,(anonymous_3)
FNF:4
FNH:4
FNDA:4,(anonymous_0)
FNDA:6,(anonymous_1)
FNDA:4,(anonymous_2)
FNDA:6,(anonymous_3)
DA:1,16
DA:2,16
DA:3,16
DA:4,16
DA:10,16
DA:12,16
DA:14,16
DA:15,4
DA:16,4
DA:18,1
DA:22,16
DA:26,6
DA:27,6
DA:28,5
DA:30,1
DA:35,16
DA:39,4
DA:40,4
DA:42,2
DA:47,16
DA:51,6
DA:52,6
DA:53,4
DA:55,2
DA:60,16
LF:25
LH:25
BRF:0
BRH:0
end_of_record
TN:
SF:src\services\authService.ts
FN:11,generateToken
FN:15,processToken
FN:35,verifyToken
FN:45,extractBearerToken
FNF:4
FNH:4
FNDA:419,generateToken
FNDA:863,processToken
FNDA:863,verifyToken
FNDA:863,extractBearerToken
DA:1,18
DA:2,18
DA:5,18
DA:7,18
DA:8,18
DA:9,18
DA:11,18
DA:12,419
DA:15,18
DA:19,863
DA:20,836
DA:22,836
DA:23,836
DA:25,1
DA:30,835
DA:31,25
DA:36,863
DA:37,863
DA:39,27
DA:46,863
DA:47,1
DA:50,862
DA:51,862
DA:52,9
DA:55,853
LF:25
LH:25
BRDA:17,0,0,6
BRDA:30,1,0,25
BRDA:30,2,0,835
BRDA:30,2,1,835
BRDA:39,3,0,10
BRDA:39,3,1,17
BRDA:46,4,0,1
BRDA:51,5,0,9
BRDA:51,6,0,862
BRDA:51,6,1,854
BRF:10
BRH:10
end_of_record
TN:
SF:src\services\errorService.ts
FN:6,createAppError
FNF:1
FNH:1
FNDA:232,createAppError
DA:2,17
DA:3,17
DA:4,17
DA:6,17
DA:7,232
DA:13,232
DA:14,232
DA:18,232
DA:22,211
DA:25,232
LF:10
LH:10
BRDA:9,0,0,232
BRDA:9,0,1,1
BRDA:15,1,0,232
BRDA:15,1,1,1
BRDA:18,2,0,211
BRDA:19,3,0,232
BRDA:19,3,1,82
BRDA:19,3,2,61
BRF:8
BRH:8
end_of_record
TN:
SF:src\services\mapperService.ts
FN:19,createErrorDTO
FN:23,createTokenDTO
FN:27,createUserDTO
FN:31,mapUserDAOToDTO
FN:35,createNetworkDTO
FN:40,mapNetworkDTOToDAO
FN:49,mapGatewayDTOToDAO
FN:59,mapSensorDTOToDAO
FN:70,mapNetworkDAOToDTO
FN:72,(anonymous_9)
FN:81,createGatewayDTO
FN:91,mapGatewayDAOToDTO
FN:101,createSensorDTO
FN:111,mapSensorDAOToDTO
FN:121,createMeasurementDTO
FN:129,mapMeasurementDAOToDTO
FN:137,removeNullAttributes
FN:140,(anonymous_17)
FNF:18
FNH:18
FNDA:440,createErrorDTO
FNDA:2,createTokenDTO
FNDA:13,createUserDTO
FNDA:10,mapUserDAOToDTO
FNDA:21,createNetworkDTO
FNDA:9,mapNetworkDTOToDAO
FNDA:11,mapGatewayDTOToDAO
FNDA:11,mapSensorDTOToDAO
FNDA:21,mapNetworkDAOToDTO
FNDA:13,(anonymous_9)
FNDA:15,createGatewayDTO
FNDA:15,mapGatewayDAOToDTO
FNDA:29,createSensorDTO
FNDA:29,mapSensorDAOToDTO
FNDA:85,createMeasurementDTO
FNDA:85,mapMeasurementDAOToDTO
FNDA:606,removeNullAttributes
FNDA:1924,(anonymous_17)
DA:19,24
DA:20,440
DA:23,24
DA:24,2
DA:27,24
DA:28,13
DA:31,24
DA:32,10
DA:35,24
DA:37,21
DA:40,24
DA:41,9
DA:49,24
DA:50,11
DA:59,24
DA:60,11
DA:70,24
DA:71,21
DA:72,13
DA:81,24
DA:82,15
DA:91,24
DA:92,15
DA:101,24
DA:102,29
DA:111,24
DA:112,29
DA:121,24
DA:122,85
DA:129,24
DA:130,85
DA:137,24
DA:138,606
DA:141,1924
LF:34
LH:34
BRDA:141,0,0,1924
BRDA:141,0,1,1922
BRDA:141,0,2,1909
BRDA:141,0,3,37
BRF:4
BRH:4
end_of_record
